22:43:52 com_github_bouni_kicad-jlcpcb-tools.library 58: Data directory 'jlcpcb' does not exist and will be created.
22:43:52 com_github_bouni_kicad-jlcpcb-tools.library 197: Create SQLite table for rotations
22:43:53 com_github_bouni_kicad-jlcpcb-tools.library 384: Parts db is split into 3 parts. Proceeding to download...
22:43:53 com_github_bouni_kicad-jlcpcb-tools.library 388: Removing any spurios old zip part files...
22:43:58 com_github_bouni_kicad-jlcpcb-tools.library 384: Parts db is split into 3 parts. Proceeding to download...
22:43:58 com_github_bouni_kicad-jlcpcb-tools.library 388: Removing any spurios old zip part files...
22:43:58 com_github_bouni_kicad-jlcpcb-tools.library 390: Removing C:\Users\James Fawcett\Documents\KiCad\7.0\3rdparty\plugins\com_github_bouni_kicad-jlcpcb-tools\jlcpcb\parts.db.zip.001.
22:43:58 com_github_bouni_kicad-jlcpcb-tools.library 197: Create SQLite table for rotations
22:44:02 com_github_bouni_kicad-jlcpcb-tools.library 431: Download parts db chunk 1 with a size of 76.29MB
22:44:18 com_github_bouni_kicad-jlcpcb-tools.library 431: Download parts db chunk 2 with a size of 76.29MB
22:44:29 com_github_bouni_kicad-jlcpcb-tools.library 431: Download parts db chunk 3 with a size of 27.62MB
22:44:33 com_github_bouni_kicad-jlcpcb-tools.library 458: Combining and extracting zip part files...
22:44:58 com_github_bouni_kicad-jlcpcb-tools.store 210: Part S75 does not exist in the database and will be created from the board.
22:44:58 com_github_bouni_kicad-jlcpcb-tools.store 210: Part OLED1 does not exist in the database and will be created from the board.
22:44:58 com_github_bouni_kicad-jlcpcb-tools.store 210: Part S27 does not exist in the database and will be created from the board.
22:44:58 com_github_bouni_kicad-jlcpcb-tools.store 210: Part ENCODER1 does not exist in the database and will be created from the board.
22:44:58 com_github_bouni_kicad-jlcpcb-tools.store 210: Part S41 does not exist in the database and will be created from the board.
22:44:58 com_github_bouni_kicad-jlcpcb-tools.store 210: Part C189 does not exist in the database and will be created from the board.
22:44:58 com_github_bouni_kicad-jlcpcb-tools.store 210: Part C83 does not exist in the database and will be created from the board.
22:44:58 com_github_bouni_kicad-jlcpcb-tools.store 210: Part LED50 does not exist in the database and will be created from the board.
22:44:58 com_github_bouni_kicad-jlcpcb-tools.store 210: Part C67 does not exist in the database and will be created from the board.
22:44:58 com_github_bouni_kicad-jlcpcb-tools.store 210: Part LED6 does not exist in the database and will be created from the board.
22:44:58 com_github_bouni_kicad-jlcpcb-tools.store 210: Part C222 does not exist in the database and will be created from the board.
22:44:58 com_github_bouni_kicad-jlcpcb-tools.store 210: Part C78 does not exist in the database and will be created from the board.
22:44:58 com_github_bouni_kicad-jlcpcb-tools.store 210: Part C57 does not exist in the database and will be created from the board.
22:44:58 com_github_bouni_kicad-jlcpcb-tools.store 210: Part C173 does not exist in the database and will be created from the board.
22:44:58 com_github_bouni_kicad-jlcpcb-tools.store 210: Part C128 does not exist in the database and will be created from the board.
22:44:58 com_github_bouni_kicad-jlcpcb-tools.store 210: Part C164 does not exist in the database and will be created from the board.
22:44:58 com_github_bouni_kicad-jlcpcb-tools.store 210: Part C110 does not exist in the database and will be created from the board.
22:44:58 com_github_bouni_kicad-jlcpcb-tools.store 210: Part HALL72 does not exist in the database and will be created from the board.
22:44:58 com_github_bouni_kicad-jlcpcb-tools.store 210: Part HALL77 does not exist in the database and will be created from the board.
22:44:58 com_github_bouni_kicad-jlcpcb-tools.store 210: Part C139 does not exist in the database and will be created from the board.
22:44:58 com_github_bouni_kicad-jlcpcb-tools.store 210: Part C105 does not exist in the database and will be created from the board.
22:44:58 com_github_bouni_kicad-jlcpcb-tools.store 210: Part R14 does not exist in the database and will be created from the board.
22:44:58 com_github_bouni_kicad-jlcpcb-tools.store 210: Part HALL41 does not exist in the database and will be created from the board.
22:44:58 com_github_bouni_kicad-jlcpcb-tools.store 210: Part LED56 does not exist in the database and will be created from the board.
22:44:58 com_github_bouni_kicad-jlcpcb-tools.store 210: Part R49 does not exist in the database and will be created from the board.
22:44:58 com_github_bouni_kicad-jlcpcb-tools.store 210: Part C80 does not exist in the database and will be created from the board.
22:44:58 com_github_bouni_kicad-jlcpcb-tools.store 210: Part C17 does not exist in the database and will be created from the board.
22:44:58 com_github_bouni_kicad-jlcpcb-tools.store 210: Part HALL34 does not exist in the database and will be created from the board.
22:44:58 com_github_bouni_kicad-jlcpcb-tools.store 210: Part LED46 does not exist in the database and will be created from the board.
22:44:58 com_github_bouni_kicad-jlcpcb-tools.store 210: Part R15 does not exist in the database and will be created from the board.
22:44:58 com_github_bouni_kicad-jlcpcb-tools.store 210: Part C95 does not exist in the database and will be created from the board.
22:44:58 com_github_bouni_kicad-jlcpcb-tools.store 210: Part HALL5 does not exist in the database and will be created from the board.
22:44:58 com_github_bouni_kicad-jlcpcb-tools.store 210: Part HALL17 does not exist in the database and will be created from the board.
22:44:58 com_github_bouni_kicad-jlcpcb-tools.store 210: Part C26 does not exist in the database and will be created from the board.
22:44:58 com_github_bouni_kicad-jlcpcb-tools.store 210: Part R52 does not exist in the database and will be created from the board.
22:44:58 com_github_bouni_kicad-jlcpcb-tools.store 210: Part HALL38 does not exist in the database and will be created from the board.
22:44:58 com_github_bouni_kicad-jlcpcb-tools.store 210: Part C231 does not exist in the database and will be created from the board.
22:44:58 com_github_bouni_kicad-jlcpcb-tools.store 210: Part R22 does not exist in the database and will be created from the board.
22:44:58 com_github_bouni_kicad-jlcpcb-tools.store 210: Part C45 does not exist in the database and will be created from the board.
22:44:58 com_github_bouni_kicad-jlcpcb-tools.store 210: Part C190 does not exist in the database and will be created from the board.
22:44:58 com_github_bouni_kicad-jlcpcb-tools.store 210: Part C206 does not exist in the database and will be created from the board.
22:44:58 com_github_bouni_kicad-jlcpcb-tools.store 210: Part R31 does not exist in the database and will be created from the board.
22:44:58 com_github_bouni_kicad-jlcpcb-tools.store 210: Part C153 does not exist in the database and will be created from the board.
22:44:58 com_github_bouni_kicad-jlcpcb-tools.store 210: Part C177 does not exist in the database and will be created from the board.
22:44:58 com_github_bouni_kicad-jlcpcb-tools.store 210: Part C5 does not exist in the database and will be created from the board.
22:44:58 com_github_bouni_kicad-jlcpcb-tools.store 210: Part LED78 does not exist in the database and will be created from the board.
22:44:58 com_github_bouni_kicad-jlcpcb-tools.store 210: Part HALL1 does not exist in the database and will be created from the board.
22:44:58 com_github_bouni_kicad-jlcpcb-tools.store 210: Part C157 does not exist in the database and will be created from the board.
22:44:58 com_github_bouni_kicad-jlcpcb-tools.store 210: Part HALL20 does not exist in the database and will be created from the board.
22:44:58 com_github_bouni_kicad-jlcpcb-tools.store 210: Part R75 does not exist in the database and will be created from the board.
22:44:58 com_github_bouni_kicad-jlcpcb-tools.store 210: Part C254 does not exist in the database and will be created from the board.
22:44:58 com_github_bouni_kicad-jlcpcb-tools.store 210: Part R9 does not exist in the database and will be created from the board.
22:44:58 com_github_bouni_kicad-jlcpcb-tools.store 210: Part C150 does not exist in the database and will be created from the board.
22:44:58 com_github_bouni_kicad-jlcpcb-tools.store 210: Part C176 does not exist in the database and will be created from the board.
22:44:58 com_github_bouni_kicad-jlcpcb-tools.store 210: Part C203 does not exist in the database and will be created from the board.
22:44:58 com_github_bouni_kicad-jlcpcb-tools.store 210: Part C144 does not exist in the database and will be created from the board.
22:44:58 com_github_bouni_kicad-jlcpcb-tools.store 210: Part R16 does not exist in the database and will be created from the board.
22:44:58 com_github_bouni_kicad-jlcpcb-tools.store 210: Part BOOT1 does not exist in the database and will be created from the board.
22:44:58 com_github_bouni_kicad-jlcpcb-tools.store 210: Part C56 does not exist in the database and will be created from the board.
22:44:58 com_github_bouni_kicad-jlcpcb-tools.store 210: Part U6 does not exist in the database and will be created from the board.
22:44:58 com_github_bouni_kicad-jlcpcb-tools.store 210: Part HALL39 does not exist in the database and will be created from the board.
22:44:58 com_github_bouni_kicad-jlcpcb-tools.store 210: Part R71 does not exist in the database and will be created from the board.
22:44:58 com_github_bouni_kicad-jlcpcb-tools.store 210: Part C132 does not exist in the database and will be created from the board.
22:44:58 com_github_bouni_kicad-jlcpcb-tools.store 210: Part C251 does not exist in the database and will be created from the board.
22:44:58 com_github_bouni_kicad-jlcpcb-tools.store 210: Part C101 does not exist in the database and will be created from the board.
22:44:58 com_github_bouni_kicad-jlcpcb-tools.store 210: Part C244 does not exist in the database and will be created from the board.
22:44:58 com_github_bouni_kicad-jlcpcb-tools.store 210: Part C72 does not exist in the database and will be created from the board.
22:44:58 com_github_bouni_kicad-jlcpcb-tools.store 210: Part C115 does not exist in the database and will be created from the board.
22:44:58 com_github_bouni_kicad-jlcpcb-tools.store 210: Part C214 does not exist in the database and will be created from the board.
22:44:58 com_github_bouni_kicad-jlcpcb-tools.store 210: Part HALL53 does not exist in the database and will be created from the board.
22:44:58 com_github_bouni_kicad-jlcpcb-tools.store 210: Part R50 does not exist in the database and will be created from the board.
22:44:58 com_github_bouni_kicad-jlcpcb-tools.store 210: Part C119 does not exist in the database and will be created from the board.
22:44:58 com_github_bouni_kicad-jlcpcb-tools.store 210: Part LED13 does not exist in the database and will be created from the board.
22:44:58 com_github_bouni_kicad-jlcpcb-tools.store 210: Part R56 does not exist in the database and will be created from the board.
22:44:58 com_github_bouni_kicad-jlcpcb-tools.store 210: Part HALL7 does not exist in the database and will be created from the board.
22:44:58 com_github_bouni_kicad-jlcpcb-tools.store 210: Part HALL66 does not exist in the database and will be created from the board.
22:44:58 com_github_bouni_kicad-jlcpcb-tools.store 210: Part C134 does not exist in the database and will be created from the board.
22:44:58 com_github_bouni_kicad-jlcpcb-tools.store 210: Part LED10 does not exist in the database and will be created from the board.
22:44:58 com_github_bouni_kicad-jlcpcb-tools.store 210: Part C86 does not exist in the database and will be created from the board.
22:44:58 com_github_bouni_kicad-jlcpcb-tools.store 210: Part HALL12 does not exist in the database and will be created from the board.
22:44:58 com_github_bouni_kicad-jlcpcb-tools.store 210: Part LED37 does not exist in the database and will be created from the board.
22:44:58 com_github_bouni_kicad-jlcpcb-tools.store 210: Part LED29 does not exist in the database and will be created from the board.
22:44:58 com_github_bouni_kicad-jlcpcb-tools.store 210: Part C154 does not exist in the database and will be created from the board.
22:44:58 com_github_bouni_kicad-jlcpcb-tools.store 210: Part HALL37 does not exist in the database and will be created from the board.
22:44:58 com_github_bouni_kicad-jlcpcb-tools.store 210: Part HALL70 does not exist in the database and will be created from the board.
22:44:58 com_github_bouni_kicad-jlcpcb-tools.store 210: Part HALL49 does not exist in the database and will be created from the board.
22:44:58 com_github_bouni_kicad-jlcpcb-tools.store 210: Part HALL63 does not exist in the database and will be created from the board.
22:44:58 com_github_bouni_kicad-jlcpcb-tools.store 210: Part HALL40 does not exist in the database and will be created from the board.
22:44:58 com_github_bouni_kicad-jlcpcb-tools.store 210: Part HALL65 does not exist in the database and will be created from the board.
22:44:58 com_github_bouni_kicad-jlcpcb-tools.store 210: Part C165 does not exist in the database and will be created from the board.
22:44:58 com_github_bouni_kicad-jlcpcb-tools.store 210: Part HALL42 does not exist in the database and will be created from the board.
22:44:58 com_github_bouni_kicad-jlcpcb-tools.store 210: Part C20 does not exist in the database and will be created from the board.
22:44:58 com_github_bouni_kicad-jlcpcb-tools.store 210: Part HALL35 does not exist in the database and will be created from the board.
22:44:58 com_github_bouni_kicad-jlcpcb-tools.store 210: Part C178 does not exist in the database and will be created from the board.
22:44:58 com_github_bouni_kicad-jlcpcb-tools.store 210: Part C38 does not exist in the database and will be created from the board.
22:44:58 com_github_bouni_kicad-jlcpcb-tools.store 210: Part C99 does not exist in the database and will be created from the board.
22:44:58 com_github_bouni_kicad-jlcpcb-tools.store 210: Part C2 does not exist in the database and will be created from the board.
22:44:58 com_github_bouni_kicad-jlcpcb-tools.store 210: Part R20 does not exist in the database and will be created from the board.
22:44:58 com_github_bouni_kicad-jlcpcb-tools.store 210: Part R53 does not exist in the database and will be created from the board.
22:44:58 com_github_bouni_kicad-jlcpcb-tools.store 210: Part C147 does not exist in the database and will be created from the board.
22:44:58 com_github_bouni_kicad-jlcpcb-tools.store 210: Part C223 does not exist in the database and will be created from the board.
22:44:58 com_github_bouni_kicad-jlcpcb-tools.store 210: Part HALL55 does not exist in the database and will be created from the board.
22:44:58 com_github_bouni_kicad-jlcpcb-tools.store 210: Part C225 does not exist in the database and will be created from the board.
22:44:58 com_github_bouni_kicad-jlcpcb-tools.store 210: Part R25 does not exist in the database and will be created from the board.
22:44:58 com_github_bouni_kicad-jlcpcb-tools.store 210: Part LED42 does not exist in the database and will be created from the board.
22:44:58 com_github_bouni_kicad-jlcpcb-tools.store 210: Part C81 does not exist in the database and will be created from the board.
22:44:58 com_github_bouni_kicad-jlcpcb-tools.store 210: Part C246 does not exist in the database and will be created from the board.
22:44:58 com_github_bouni_kicad-jlcpcb-tools.store 210: Part C117 does not exist in the database and will be created from the board.
22:44:58 com_github_bouni_kicad-jlcpcb-tools.store 210: Part LED67 does not exist in the database and will be created from the board.
22:44:58 com_github_bouni_kicad-jlcpcb-tools.store 210: Part C187 does not exist in the database and will be created from the board.
22:44:58 com_github_bouni_kicad-jlcpcb-tools.store 210: Part C25 does not exist in the database and will be created from the board.
22:44:58 com_github_bouni_kicad-jlcpcb-tools.store 210: Part C14 does not exist in the database and will be created from the board.
22:44:58 com_github_bouni_kicad-jlcpcb-tools.store 210: Part R63 does not exist in the database and will be created from the board.
22:44:58 com_github_bouni_kicad-jlcpcb-tools.store 210: Part C73 does not exist in the database and will be created from the board.
22:44:58 com_github_bouni_kicad-jlcpcb-tools.store 210: Part C155 does not exist in the database and will be created from the board.
22:44:58 com_github_bouni_kicad-jlcpcb-tools.store 210: Part R73 does not exist in the database and will be created from the board.
22:44:58 com_github_bouni_kicad-jlcpcb-tools.store 210: Part R68 does not exist in the database and will be created from the board.
22:44:58 com_github_bouni_kicad-jlcpcb-tools.store 210: Part LED69 does not exist in the database and will be created from the board.
22:44:58 com_github_bouni_kicad-jlcpcb-tools.store 210: Part C47 does not exist in the database and will be created from the board.
22:44:58 com_github_bouni_kicad-jlcpcb-tools.store 210: Part C61 does not exist in the database and will be created from the board.
22:44:58 com_github_bouni_kicad-jlcpcb-tools.store 210: Part LED48 does not exist in the database and will be created from the board.
22:44:58 com_github_bouni_kicad-jlcpcb-tools.store 210: Part HALL18 does not exist in the database and will be created from the board.
22:44:58 com_github_bouni_kicad-jlcpcb-tools.store 210: Part HALL51 does not exist in the database and will be created from the board.
22:44:58 com_github_bouni_kicad-jlcpcb-tools.store 210: Part C1 does not exist in the database and will be created from the board.
22:44:58 com_github_bouni_kicad-jlcpcb-tools.store 210: Part C82 does not exist in the database and will be created from the board.
22:44:58 com_github_bouni_kicad-jlcpcb-tools.store 210: Part C171 does not exist in the database and will be created from the board.
22:44:58 com_github_bouni_kicad-jlcpcb-tools.store 210: Part C140 does not exist in the database and will be created from the board.
22:44:58 com_github_bouni_kicad-jlcpcb-tools.store 210: Part C75 does not exist in the database and will be created from the board.
22:44:58 com_github_bouni_kicad-jlcpcb-tools.store 210: Part C174 does not exist in the database and will be created from the board.
22:44:58 com_github_bouni_kicad-jlcpcb-tools.store 210: Part R59 does not exist in the database and will be created from the board.
22:44:59 com_github_bouni_kicad-jlcpcb-tools.store 210: Part C182 does not exist in the database and will be created from the board.
22:44:59 com_github_bouni_kicad-jlcpcb-tools.store 210: Part C260 does not exist in the database and will be created from the board.
22:44:59 com_github_bouni_kicad-jlcpcb-tools.store 210: Part LED16 does not exist in the database and will be created from the board.
22:44:59 com_github_bouni_kicad-jlcpcb-tools.store 210: Part C160 does not exist in the database and will be created from the board.
22:44:59 com_github_bouni_kicad-jlcpcb-tools.store 210: Part Y1 does not exist in the database and will be created from the board.
22:44:59 com_github_bouni_kicad-jlcpcb-tools.store 210: Part R79 does not exist in the database and will be created from the board.
22:44:59 com_github_bouni_kicad-jlcpcb-tools.store 210: Part C208 does not exist in the database and will be created from the board.
22:44:59 com_github_bouni_kicad-jlcpcb-tools.store 210: Part LED33 does not exist in the database and will be created from the board.
22:44:59 com_github_bouni_kicad-jlcpcb-tools.store 210: Part HALL14 does not exist in the database and will be created from the board.
22:44:59 com_github_bouni_kicad-jlcpcb-tools.store 210: Part C248 does not exist in the database and will be created from the board.
22:44:59 com_github_bouni_kicad-jlcpcb-tools.store 210: Part LED26 does not exist in the database and will be created from the board.
22:44:59 com_github_bouni_kicad-jlcpcb-tools.store 210: Part R72 does not exist in the database and will be created from the board.
22:44:59 com_github_bouni_kicad-jlcpcb-tools.store 210: Part R33 does not exist in the database and will be created from the board.
22:44:59 com_github_bouni_kicad-jlcpcb-tools.store 210: Part U2 does not exist in the database and will be created from the board.
22:44:59 com_github_bouni_kicad-jlcpcb-tools.store 210: Part HALL59 does not exist in the database and will be created from the board.
22:44:59 com_github_bouni_kicad-jlcpcb-tools.store 210: Part C18 does not exist in the database and will be created from the board.
22:44:59 com_github_bouni_kicad-jlcpcb-tools.store 210: Part LED75 does not exist in the database and will be created from the board.
22:44:59 com_github_bouni_kicad-jlcpcb-tools.store 210: Part HALL16 does not exist in the database and will be created from the board.
22:44:59 com_github_bouni_kicad-jlcpcb-tools.store 210: Part C66 does not exist in the database and will be created from the board.
22:44:59 com_github_bouni_kicad-jlcpcb-tools.store 210: Part R26 does not exist in the database and will be created from the board.
22:44:59 com_github_bouni_kicad-jlcpcb-tools.store 210: Part C212 does not exist in the database and will be created from the board.
22:44:59 com_github_bouni_kicad-jlcpcb-tools.store 210: Part C183 does not exist in the database and will be created from the board.
22:44:59 com_github_bouni_kicad-jlcpcb-tools.store 210: Part LED66 does not exist in the database and will be created from the board.
22:44:59 com_github_bouni_kicad-jlcpcb-tools.store 210: Part HALL56 does not exist in the database and will be created from the board.
22:44:59 com_github_bouni_kicad-jlcpcb-tools.store 210: Part HALL48 does not exist in the database and will be created from the board.
22:44:59 com_github_bouni_kicad-jlcpcb-tools.store 210: Part C209 does not exist in the database and will be created from the board.
22:44:59 com_github_bouni_kicad-jlcpcb-tools.store 210: Part C28 does not exist in the database and will be created from the board.
22:44:59 com_github_bouni_kicad-jlcpcb-tools.store 210: Part LED36 does not exist in the database and will be created from the board.
22:44:59 com_github_bouni_kicad-jlcpcb-tools.store 210: Part C85 does not exist in the database and will be created from the board.
22:44:59 com_github_bouni_kicad-jlcpcb-tools.store 210: Part C19 does not exist in the database and will be created from the board.
22:44:59 com_github_bouni_kicad-jlcpcb-tools.store 210: Part C170 does not exist in the database and will be created from the board.
22:44:59 com_github_bouni_kicad-jlcpcb-tools.store 210: Part HALL71 does not exist in the database and will be created from the board.
22:44:59 com_github_bouni_kicad-jlcpcb-tools.store 210: Part C194 does not exist in the database and will be created from the board.
22:44:59 com_github_bouni_kicad-jlcpcb-tools.store 210: Part C255 does not exist in the database and will be created from the board.
22:44:59 com_github_bouni_kicad-jlcpcb-tools.store 210: Part C126 does not exist in the database and will be created from the board.
22:44:59 com_github_bouni_kicad-jlcpcb-tools.store 210: Part R55 does not exist in the database and will be created from the board.
22:44:59 com_github_bouni_kicad-jlcpcb-tools.store 210: Part C249 does not exist in the database and will be created from the board.
22:44:59 com_github_bouni_kicad-jlcpcb-tools.store 210: Part R86 does not exist in the database and will be created from the board.
22:44:59 com_github_bouni_kicad-jlcpcb-tools.store 210: Part C261 does not exist in the database and will be created from the board.
22:44:59 com_github_bouni_kicad-jlcpcb-tools.store 210: Part C112 does not exist in the database and will be created from the board.
22:44:59 com_github_bouni_kicad-jlcpcb-tools.store 210: Part R69 does not exist in the database and will be created from the board.
22:44:59 com_github_bouni_kicad-jlcpcb-tools.store 210: Part C131 does not exist in the database and will be created from the board.
22:44:59 com_github_bouni_kicad-jlcpcb-tools.store 210: Part C12 does not exist in the database and will be created from the board.
22:44:59 com_github_bouni_kicad-jlcpcb-tools.store 210: Part R65 does not exist in the database and will be created from the board.
22:44:59 com_github_bouni_kicad-jlcpcb-tools.store 210: Part C129 does not exist in the database and will be created from the board.
22:44:59 com_github_bouni_kicad-jlcpcb-tools.store 210: Part C202 does not exist in the database and will be created from the board.
22:44:59 com_github_bouni_kicad-jlcpcb-tools.store 210: Part R80 does not exist in the database and will be created from the board.
22:44:59 com_github_bouni_kicad-jlcpcb-tools.store 210: Part C201 does not exist in the database and will be created from the board.
22:44:59 com_github_bouni_kicad-jlcpcb-tools.store 210: Part R4 does not exist in the database and will be created from the board.
22:44:59 com_github_bouni_kicad-jlcpcb-tools.store 210: Part LED64 does not exist in the database and will be created from the board.
22:44:59 com_github_bouni_kicad-jlcpcb-tools.store 210: Part R43 does not exist in the database and will be created from the board.
22:44:59 com_github_bouni_kicad-jlcpcb-tools.store 210: Part C241 does not exist in the database and will be created from the board.
22:44:59 com_github_bouni_kicad-jlcpcb-tools.store 210: Part C219 does not exist in the database and will be created from the board.
22:44:59 com_github_bouni_kicad-jlcpcb-tools.store 210: Part U8 does not exist in the database and will be created from the board.
22:44:59 com_github_bouni_kicad-jlcpcb-tools.store 210: Part C256 does not exist in the database and will be created from the board.
22:44:59 com_github_bouni_kicad-jlcpcb-tools.store 210: Part R45 does not exist in the database and will be created from the board.
22:44:59 com_github_bouni_kicad-jlcpcb-tools.store 210: Part C204 does not exist in the database and will be created from the board.
22:44:59 com_github_bouni_kicad-jlcpcb-tools.store 210: Part HALL47 does not exist in the database and will be created from the board.
22:44:59 com_github_bouni_kicad-jlcpcb-tools.store 210: Part HALL58 does not exist in the database and will be created from the board.
22:44:59 com_github_bouni_kicad-jlcpcb-tools.store 210: Part LED4 does not exist in the database and will be created from the board.
22:44:59 com_github_bouni_kicad-jlcpcb-tools.store 210: Part LED43 does not exist in the database and will be created from the board.
22:44:59 com_github_bouni_kicad-jlcpcb-tools.store 210: Part R32 does not exist in the database and will be created from the board.
22:44:59 com_github_bouni_kicad-jlcpcb-tools.store 210: Part C169 does not exist in the database and will be created from the board.
22:44:59 com_github_bouni_kicad-jlcpcb-tools.store 210: Part C120 does not exist in the database and will be created from the board.
22:44:59 com_github_bouni_kicad-jlcpcb-tools.store 210: Part C180 does not exist in the database and will be created from the board.
22:44:59 com_github_bouni_kicad-jlcpcb-tools.store 210: Part C97 does not exist in the database and will be created from the board.
22:44:59 com_github_bouni_kicad-jlcpcb-tools.store 210: Part C200 does not exist in the database and will be created from the board.
22:44:59 com_github_bouni_kicad-jlcpcb-tools.store 210: Part C40 does not exist in the database and will be created from the board.
22:44:59 com_github_bouni_kicad-jlcpcb-tools.store 210: Part HALL23 does not exist in the database and will be created from the board.
22:44:59 com_github_bouni_kicad-jlcpcb-tools.store 210: Part C90 does not exist in the database and will be created from the board.
22:44:59 com_github_bouni_kicad-jlcpcb-tools.store 210: Part HALL28 does not exist in the database and will be created from the board.
22:44:59 com_github_bouni_kicad-jlcpcb-tools.store 210: Part C46 does not exist in the database and will be created from the board.
22:44:59 com_github_bouni_kicad-jlcpcb-tools.store 210: Part C133 does not exist in the database and will be created from the board.
22:44:59 com_github_bouni_kicad-jlcpcb-tools.store 210: Part R40 does not exist in the database and will be created from the board.
22:44:59 com_github_bouni_kicad-jlcpcb-tools.store 210: Part LED23 does not exist in the database and will be created from the board.
22:44:59 com_github_bouni_kicad-jlcpcb-tools.store 210: Part R35 does not exist in the database and will be created from the board.
22:44:59 com_github_bouni_kicad-jlcpcb-tools.store 210: Part C77 does not exist in the database and will be created from the board.
22:44:59 com_github_bouni_kicad-jlcpcb-tools.store 210: Part R83 does not exist in the database and will be created from the board.
22:44:59 com_github_bouni_kicad-jlcpcb-tools.store 210: Part R27 does not exist in the database and will be created from the board.
22:44:59 com_github_bouni_kicad-jlcpcb-tools.store 210: Part R8 does not exist in the database and will be created from the board.
22:44:59 com_github_bouni_kicad-jlcpcb-tools.store 210: Part LED79 does not exist in the database and will be created from the board.
22:44:59 com_github_bouni_kicad-jlcpcb-tools.store 210: Part LED54 does not exist in the database and will be created from the board.
22:44:59 com_github_bouni_kicad-jlcpcb-tools.store 210: Part C103 does not exist in the database and will be created from the board.
22:44:59 com_github_bouni_kicad-jlcpcb-tools.store 210: Part C124 does not exist in the database and will be created from the board.
22:44:59 com_github_bouni_kicad-jlcpcb-tools.store 210: Part R34 does not exist in the database and will be created from the board.
22:44:59 com_github_bouni_kicad-jlcpcb-tools.store 210: Part HALL24 does not exist in the database and will be created from the board.
22:44:59 com_github_bouni_kicad-jlcpcb-tools.store 210: Part U7 does not exist in the database and will be created from the board.
22:44:59 com_github_bouni_kicad-jlcpcb-tools.store 210: Part C245 does not exist in the database and will be created from the board.
22:44:59 com_github_bouni_kicad-jlcpcb-tools.store 210: Part C48 does not exist in the database and will be created from the board.
22:44:59 com_github_bouni_kicad-jlcpcb-tools.store 210: Part C89 does not exist in the database and will be created from the board.
22:44:59 com_github_bouni_kicad-jlcpcb-tools.store 210: Part C135 does not exist in the database and will be created from the board.
22:44:59 com_github_bouni_kicad-jlcpcb-tools.store 210: Part HALL4 does not exist in the database and will be created from the board.
22:44:59 com_github_bouni_kicad-jlcpcb-tools.store 210: Part HALL30 does not exist in the database and will be created from the board.
22:44:59 com_github_bouni_kicad-jlcpcb-tools.store 210: Part LED21 does not exist in the database and will be created from the board.
22:44:59 com_github_bouni_kicad-jlcpcb-tools.store 210: Part LED71 does not exist in the database and will be created from the board.
22:44:59 com_github_bouni_kicad-jlcpcb-tools.store 210: Part RESET1 does not exist in the database and will be created from the board.
22:44:59 com_github_bouni_kicad-jlcpcb-tools.store 210: Part R84 does not exist in the database and will be created from the board.
22:44:59 com_github_bouni_kicad-jlcpcb-tools.store 210: Part C166 does not exist in the database and will be created from the board.
22:44:59 com_github_bouni_kicad-jlcpcb-tools.store 210: Part C188 does not exist in the database and will be created from the board.
22:44:59 com_github_bouni_kicad-jlcpcb-tools.store 210: Part C185 does not exist in the database and will be created from the board.
22:44:59 com_github_bouni_kicad-jlcpcb-tools.store 210: Part C121 does not exist in the database and will be created from the board.
22:44:59 com_github_bouni_kicad-jlcpcb-tools.store 210: Part C31 does not exist in the database and will be created from the board.
22:44:59 com_github_bouni_kicad-jlcpcb-tools.store 210: Part R17 does not exist in the database and will be created from the board.
22:44:59 com_github_bouni_kicad-jlcpcb-tools.store 210: Part C142 does not exist in the database and will be created from the board.
22:44:59 com_github_bouni_kicad-jlcpcb-tools.store 210: Part C118 does not exist in the database and will be created from the board.
22:44:59 com_github_bouni_kicad-jlcpcb-tools.store 210: Part C4 does not exist in the database and will be created from the board.
22:44:59 com_github_bouni_kicad-jlcpcb-tools.store 210: Part C36 does not exist in the database and will be created from the board.
22:44:59 com_github_bouni_kicad-jlcpcb-tools.store 210: Part U1 does not exist in the database and will be created from the board.
22:44:59 com_github_bouni_kicad-jlcpcb-tools.store 210: Part LED59 does not exist in the database and will be created from the board.
22:44:59 com_github_bouni_kicad-jlcpcb-tools.store 210: Part C205 does not exist in the database and will be created from the board.
22:44:59 com_github_bouni_kicad-jlcpcb-tools.store 210: Part C102 does not exist in the database and will be created from the board.
22:44:59 com_github_bouni_kicad-jlcpcb-tools.store 210: Part LED18 does not exist in the database and will be created from the board.
22:44:59 com_github_bouni_kicad-jlcpcb-tools.store 210: Part C215 does not exist in the database and will be created from the board.
22:44:59 com_github_bouni_kicad-jlcpcb-tools.store 210: Part HALL74 does not exist in the database and will be created from the board.
22:44:59 com_github_bouni_kicad-jlcpcb-tools.store 210: Part C87 does not exist in the database and will be created from the board.
22:44:59 com_github_bouni_kicad-jlcpcb-tools.store 210: Part C228 does not exist in the database and will be created from the board.
22:44:59 com_github_bouni_kicad-jlcpcb-tools.store 210: Part C11 does not exist in the database and will be created from the board.
22:44:59 com_github_bouni_kicad-jlcpcb-tools.store 210: Part C74 does not exist in the database and will be created from the board.
22:44:59 com_github_bouni_kicad-jlcpcb-tools.store 210: Part HALL27 does not exist in the database and will be created from the board.
22:44:59 com_github_bouni_kicad-jlcpcb-tools.store 210: Part LED68 does not exist in the database and will be created from the board.
22:44:59 com_github_bouni_kicad-jlcpcb-tools.store 210: Part C210 does not exist in the database and will be created from the board.
22:44:59 com_github_bouni_kicad-jlcpcb-tools.store 210: Part LED73 does not exist in the database and will be created from the board.
22:44:59 com_github_bouni_kicad-jlcpcb-tools.store 210: Part C51 does not exist in the database and will be created from the board.
22:44:59 com_github_bouni_kicad-jlcpcb-tools.store 210: Part HALL46 does not exist in the database and will be created from the board.
22:44:59 com_github_bouni_kicad-jlcpcb-tools.store 210: Part R42 does not exist in the database and will be created from the board.
22:44:59 com_github_bouni_kicad-jlcpcb-tools.store 210: Part C213 does not exist in the database and will be created from the board.
22:44:59 com_github_bouni_kicad-jlcpcb-tools.store 210: Part HALL15 does not exist in the database and will be created from the board.
22:44:59 com_github_bouni_kicad-jlcpcb-tools.store 210: Part C207 does not exist in the database and will be created from the board.
22:44:59 com_github_bouni_kicad-jlcpcb-tools.store 210: Part LED38 does not exist in the database and will be created from the board.
22:44:59 com_github_bouni_kicad-jlcpcb-tools.store 210: Part HALL43 does not exist in the database and will be created from the board.
22:44:59 com_github_bouni_kicad-jlcpcb-tools.store 210: Part R41 does not exist in the database and will be created from the board.
22:44:59 com_github_bouni_kicad-jlcpcb-tools.store 210: Part LED57 does not exist in the database and will be created from the board.
22:44:59 com_github_bouni_kicad-jlcpcb-tools.store 210: Part HALL73 does not exist in the database and will be created from the board.
22:44:59 com_github_bouni_kicad-jlcpcb-tools.store 210: Part LED20 does not exist in the database and will be created from the board.
22:44:59 com_github_bouni_kicad-jlcpcb-tools.store 210: Part HALL81 does not exist in the database and will be created from the board.
22:44:59 com_github_bouni_kicad-jlcpcb-tools.store 210: Part R64 does not exist in the database and will be created from the board.
22:44:59 com_github_bouni_kicad-jlcpcb-tools.store 210: Part HALL61 does not exist in the database and will be created from the board.
22:44:59 com_github_bouni_kicad-jlcpcb-tools.store 210: Part C151 does not exist in the database and will be created from the board.
22:44:59 com_github_bouni_kicad-jlcpcb-tools.store 210: Part R77 does not exist in the database and will be created from the board.
22:44:59 com_github_bouni_kicad-jlcpcb-tools.store 210: Part C100 does not exist in the database and will be created from the board.
22:44:59 com_github_bouni_kicad-jlcpcb-tools.store 210: Part HALL76 does not exist in the database and will be created from the board.
22:44:59 com_github_bouni_kicad-jlcpcb-tools.store 210: Part C172 does not exist in the database and will be created from the board.
22:44:59 com_github_bouni_kicad-jlcpcb-tools.store 210: Part C49 does not exist in the database and will be created from the board.
22:44:59 com_github_bouni_kicad-jlcpcb-tools.store 210: Part C235 does not exist in the database and will be created from the board.
22:44:59 com_github_bouni_kicad-jlcpcb-tools.store 210: Part C27 does not exist in the database and will be created from the board.
22:44:59 com_github_bouni_kicad-jlcpcb-tools.store 210: Part LED15 does not exist in the database and will be created from the board.
22:44:59 com_github_bouni_kicad-jlcpcb-tools.store 210: Part C217 does not exist in the database and will be created from the board.
22:44:59 com_github_bouni_kicad-jlcpcb-tools.store 210: Part LED65 does not exist in the database and will be created from the board.
22:45:00 com_github_bouni_kicad-jlcpcb-tools.store 210: Part HALL8 does not exist in the database and will be created from the board.
22:45:00 com_github_bouni_kicad-jlcpcb-tools.store 210: Part C162 does not exist in the database and will be created from the board.
22:45:00 com_github_bouni_kicad-jlcpcb-tools.store 210: Part HALL78 does not exist in the database and will be created from the board.
22:45:00 com_github_bouni_kicad-jlcpcb-tools.store 210: Part C22 does not exist in the database and will be created from the board.
22:45:00 com_github_bouni_kicad-jlcpcb-tools.store 210: Part C211 does not exist in the database and will be created from the board.
22:45:00 com_github_bouni_kicad-jlcpcb-tools.store 210: Part C125 does not exist in the database and will be created from the board.
22:45:00 com_github_bouni_kicad-jlcpcb-tools.store 210: Part C259 does not exist in the database and will be created from the board.
22:45:00 com_github_bouni_kicad-jlcpcb-tools.store 210: Part LED35 does not exist in the database and will be created from the board.
22:45:00 com_github_bouni_kicad-jlcpcb-tools.store 210: Part C39 does not exist in the database and will be created from the board.
22:45:00 com_github_bouni_kicad-jlcpcb-tools.store 210: Part C257 does not exist in the database and will be created from the board.
22:45:00 com_github_bouni_kicad-jlcpcb-tools.store 210: Part HALL29 does not exist in the database and will be created from the board.
22:45:00 com_github_bouni_kicad-jlcpcb-tools.store 210: Part C63 does not exist in the database and will be created from the board.
22:45:00 com_github_bouni_kicad-jlcpcb-tools.store 210: Part C167 does not exist in the database and will be created from the board.
22:45:00 com_github_bouni_kicad-jlcpcb-tools.store 210: Part C8 does not exist in the database and will be created from the board.
22:45:00 com_github_bouni_kicad-jlcpcb-tools.store 210: Part LED80 does not exist in the database and will be created from the board.
22:45:00 com_github_bouni_kicad-jlcpcb-tools.store 210: Part R19 does not exist in the database and will be created from the board.
22:45:00 com_github_bouni_kicad-jlcpcb-tools.store 210: Part SWD1 does not exist in the database and will be created from the board.
22:45:00 com_github_bouni_kicad-jlcpcb-tools.store 210: Part C98 does not exist in the database and will be created from the board.
22:45:00 com_github_bouni_kicad-jlcpcb-tools.store 210: Part HALL60 does not exist in the database and will be created from the board.
22:45:00 com_github_bouni_kicad-jlcpcb-tools.store 210: Part R70 does not exist in the database and will be created from the board.
22:45:00 com_github_bouni_kicad-jlcpcb-tools.store 210: Part C230 does not exist in the database and will be created from the board.
22:45:00 com_github_bouni_kicad-jlcpcb-tools.store 210: Part C218 does not exist in the database and will be created from the board.
22:45:00 com_github_bouni_kicad-jlcpcb-tools.store 210: Part C163 does not exist in the database and will be created from the board.
22:45:00 com_github_bouni_kicad-jlcpcb-tools.store 210: Part LED70 does not exist in the database and will be created from the board.
22:45:00 com_github_bouni_kicad-jlcpcb-tools.store 210: Part C145 does not exist in the database and will be created from the board.
22:45:00 com_github_bouni_kicad-jlcpcb-tools.store 210: Part C24 does not exist in the database and will be created from the board.
22:45:00 com_github_bouni_kicad-jlcpcb-tools.store 210: Part C229 does not exist in the database and will be created from the board.
22:45:00 com_github_bouni_kicad-jlcpcb-tools.store 210: Part C159 does not exist in the database and will be created from the board.
22:45:00 com_github_bouni_kicad-jlcpcb-tools.store 210: Part C195 does not exist in the database and will be created from the board.
22:45:00 com_github_bouni_kicad-jlcpcb-tools.store 210: Part LED51 does not exist in the database and will be created from the board.
22:45:00 com_github_bouni_kicad-jlcpcb-tools.store 210: Part C250 does not exist in the database and will be created from the board.
22:45:00 com_github_bouni_kicad-jlcpcb-tools.store 210: Part C21 does not exist in the database and will be created from the board.
22:45:00 com_github_bouni_kicad-jlcpcb-tools.store 210: Part C130 does not exist in the database and will be created from the board.
22:45:00 com_github_bouni_kicad-jlcpcb-tools.store 210: Part LED62 does not exist in the database and will be created from the board.
22:45:00 com_github_bouni_kicad-jlcpcb-tools.store 210: Part LED17 does not exist in the database and will be created from the board.
22:45:00 com_github_bouni_kicad-jlcpcb-tools.store 210: Part C84 does not exist in the database and will be created from the board.
22:45:00 com_github_bouni_kicad-jlcpcb-tools.store 210: Part C44 does not exist in the database and will be created from the board.
22:45:00 com_github_bouni_kicad-jlcpcb-tools.store 210: Part LED47 does not exist in the database and will be created from the board.
22:45:00 com_github_bouni_kicad-jlcpcb-tools.store 210: Part C236 does not exist in the database and will be created from the board.
22:45:00 com_github_bouni_kicad-jlcpcb-tools.store 210: Part C252 does not exist in the database and will be created from the board.
22:45:00 com_github_bouni_kicad-jlcpcb-tools.store 210: Part LED8 does not exist in the database and will be created from the board.
22:45:00 com_github_bouni_kicad-jlcpcb-tools.store 210: Part HALL10 does not exist in the database and will be created from the board.
22:45:00 com_github_bouni_kicad-jlcpcb-tools.store 210: Part R82 does not exist in the database and will be created from the board.
22:45:00 com_github_bouni_kicad-jlcpcb-tools.store 210: Part C91 does not exist in the database and will be created from the board.
22:45:00 com_github_bouni_kicad-jlcpcb-tools.store 210: Part C258 does not exist in the database and will be created from the board.
22:45:00 com_github_bouni_kicad-jlcpcb-tools.store 210: Part C54 does not exist in the database and will be created from the board.
22:45:00 com_github_bouni_kicad-jlcpcb-tools.store 210: Part LED58 does not exist in the database and will be created from the board.
22:45:00 com_github_bouni_kicad-jlcpcb-tools.store 210: Part C253 does not exist in the database and will be created from the board.
22:45:00 com_github_bouni_kicad-jlcpcb-tools.store 210: Part LED3 does not exist in the database and will be created from the board.
22:45:00 com_github_bouni_kicad-jlcpcb-tools.store 210: Part C23 does not exist in the database and will be created from the board.
22:45:00 com_github_bouni_kicad-jlcpcb-tools.store 210: Part LED44 does not exist in the database and will be created from the board.
22:45:00 com_github_bouni_kicad-jlcpcb-tools.store 210: Part C263 does not exist in the database and will be created from the board.
22:45:00 com_github_bouni_kicad-jlcpcb-tools.store 210: Part C138 does not exist in the database and will be created from the board.
22:45:00 com_github_bouni_kicad-jlcpcb-tools.store 210: Part C34 does not exist in the database and will be created from the board.
22:45:00 com_github_bouni_kicad-jlcpcb-tools.store 210: Part R47 does not exist in the database and will be created from the board.
22:45:00 com_github_bouni_kicad-jlcpcb-tools.store 210: Part C116 does not exist in the database and will be created from the board.
22:45:00 com_github_bouni_kicad-jlcpcb-tools.store 210: Part C35 does not exist in the database and will be created from the board.
22:45:00 com_github_bouni_kicad-jlcpcb-tools.store 210: Part C242 does not exist in the database and will be created from the board.
22:45:00 com_github_bouni_kicad-jlcpcb-tools.store 210: Part C30 does not exist in the database and will be created from the board.
22:45:00 com_github_bouni_kicad-jlcpcb-tools.store 210: Part LED61 does not exist in the database and will be created from the board.
22:45:00 com_github_bouni_kicad-jlcpcb-tools.store 210: Part C193 does not exist in the database and will be created from the board.
22:45:00 com_github_bouni_kicad-jlcpcb-tools.store 210: Part LED34 does not exist in the database and will be created from the board.
22:45:00 com_github_bouni_kicad-jlcpcb-tools.store 210: Part U5 does not exist in the database and will be created from the board.
22:45:00 com_github_bouni_kicad-jlcpcb-tools.store 210: Part C10 does not exist in the database and will be created from the board.
22:45:00 com_github_bouni_kicad-jlcpcb-tools.store 210: Part C43 does not exist in the database and will be created from the board.
22:45:00 com_github_bouni_kicad-jlcpcb-tools.store 210: Part HALL11 does not exist in the database and will be created from the board.
22:45:00 com_github_bouni_kicad-jlcpcb-tools.store 210: Part LED27 does not exist in the database and will be created from the board.
22:45:00 com_github_bouni_kicad-jlcpcb-tools.store 210: Part R85 does not exist in the database and will be created from the board.
22:45:00 com_github_bouni_kicad-jlcpcb-tools.store 210: Part C240 does not exist in the database and will be created from the board.
22:45:00 com_github_bouni_kicad-jlcpcb-tools.store 210: Part C175 does not exist in the database and will be created from the board.
22:45:00 com_github_bouni_kicad-jlcpcb-tools.store 210: Part HALL79 does not exist in the database and will be created from the board.
22:45:00 com_github_bouni_kicad-jlcpcb-tools.store 210: Part C109 does not exist in the database and will be created from the board.
22:45:00 com_github_bouni_kicad-jlcpcb-tools.store 210: Part R61 does not exist in the database and will be created from the board.
22:45:00 com_github_bouni_kicad-jlcpcb-tools.store 210: Part HALL31 does not exist in the database and will be created from the board.
22:45:00 com_github_bouni_kicad-jlcpcb-tools.store 210: Part C123 does not exist in the database and will be created from the board.
22:45:00 com_github_bouni_kicad-jlcpcb-tools.store 210: Part R12 does not exist in the database and will be created from the board.
22:45:00 com_github_bouni_kicad-jlcpcb-tools.store 210: Part LED28 does not exist in the database and will be created from the board.
22:45:00 com_github_bouni_kicad-jlcpcb-tools.store 210: Part R39 does not exist in the database and will be created from the board.
22:45:00 com_github_bouni_kicad-jlcpcb-tools.store 210: Part C68 does not exist in the database and will be created from the board.
22:45:00 com_github_bouni_kicad-jlcpcb-tools.store 210: Part C114 does not exist in the database and will be created from the board.
22:45:00 com_github_bouni_kicad-jlcpcb-tools.store 210: Part LED72 does not exist in the database and will be created from the board.
22:45:00 com_github_bouni_kicad-jlcpcb-tools.store 210: Part C3 does not exist in the database and will be created from the board.
22:45:00 com_github_bouni_kicad-jlcpcb-tools.store 210: Part LED45 does not exist in the database and will be created from the board.
22:45:00 com_github_bouni_kicad-jlcpcb-tools.store 210: Part HALL54 does not exist in the database and will be created from the board.
22:45:00 com_github_bouni_kicad-jlcpcb-tools.store 210: Part USB2 does not exist in the database and will be created from the board.
22:45:00 com_github_bouni_kicad-jlcpcb-tools.store 210: Part C143 does not exist in the database and will be created from the board.
22:45:00 com_github_bouni_kicad-jlcpcb-tools.store 210: Part C216 does not exist in the database and will be created from the board.
22:45:00 com_github_bouni_kicad-jlcpcb-tools.store 210: Part C96 does not exist in the database and will be created from the board.
22:45:00 com_github_bouni_kicad-jlcpcb-tools.store 210: Part LED9 does not exist in the database and will be created from the board.
22:45:00 com_github_bouni_kicad-jlcpcb-tools.store 210: Part C92 does not exist in the database and will be created from the board.
22:45:00 com_github_bouni_kicad-jlcpcb-tools.store 210: Part C79 does not exist in the database and will be created from the board.
22:45:00 com_github_bouni_kicad-jlcpcb-tools.store 210: Part LED22 does not exist in the database and will be created from the board.
22:45:00 com_github_bouni_kicad-jlcpcb-tools.store 210: Part C184 does not exist in the database and will be created from the board.
22:45:00 com_github_bouni_kicad-jlcpcb-tools.store 210: Part LED19 does not exist in the database and will be created from the board.
22:45:00 com_github_bouni_kicad-jlcpcb-tools.store 210: Part C58 does not exist in the database and will be created from the board.
22:45:00 com_github_bouni_kicad-jlcpcb-tools.store 210: Part C88 does not exist in the database and will be created from the board.
22:45:00 com_github_bouni_kicad-jlcpcb-tools.store 210: Part C59 does not exist in the database and will be created from the board.
22:45:00 com_github_bouni_kicad-jlcpcb-tools.store 210: Part C152 does not exist in the database and will be created from the board.
22:45:00 com_github_bouni_kicad-jlcpcb-tools.store 210: Part C198 does not exist in the database and will be created from the board.
22:45:00 com_github_bouni_kicad-jlcpcb-tools.store 210: Part LED24 does not exist in the database and will be created from the board.
22:45:00 com_github_bouni_kicad-jlcpcb-tools.store 210: Part C69 does not exist in the database and will be created from the board.
22:45:00 com_github_bouni_kicad-jlcpcb-tools.store 210: Part R36 does not exist in the database and will be created from the board.
22:45:00 com_github_bouni_kicad-jlcpcb-tools.store 210: Part C137 does not exist in the database and will be created from the board.
22:45:00 com_github_bouni_kicad-jlcpcb-tools.store 210: Part C226 does not exist in the database and will be created from the board.
22:45:00 com_github_bouni_kicad-jlcpcb-tools.store 210: Part C53 does not exist in the database and will be created from the board.
22:45:00 com_github_bouni_kicad-jlcpcb-tools.store 210: Part C70 does not exist in the database and will be created from the board.
22:45:00 com_github_bouni_kicad-jlcpcb-tools.store 210: Part R67 does not exist in the database and will be created from the board.
22:45:00 com_github_bouni_kicad-jlcpcb-tools.store 210: Part C161 does not exist in the database and will be created from the board.
22:45:00 com_github_bouni_kicad-jlcpcb-tools.store 210: Part C71 does not exist in the database and will be created from the board.
22:45:00 com_github_bouni_kicad-jlcpcb-tools.store 210: Part HALL52 does not exist in the database and will be created from the board.
22:45:00 com_github_bouni_kicad-jlcpcb-tools.store 210: Part R38 does not exist in the database and will be created from the board.
22:45:00 com_github_bouni_kicad-jlcpcb-tools.store 210: Part C106 does not exist in the database and will be created from the board.
22:45:00 com_github_bouni_kicad-jlcpcb-tools.store 210: Part C233 does not exist in the database and will be created from the board.
22:45:00 com_github_bouni_kicad-jlcpcb-tools.store 210: Part R44 does not exist in the database and will be created from the board.
22:45:00 com_github_bouni_kicad-jlcpcb-tools.store 210: Part C127 does not exist in the database and will be created from the board.
22:45:00 com_github_bouni_kicad-jlcpcb-tools.store 210: Part R60 does not exist in the database and will be created from the board.
22:45:00 com_github_bouni_kicad-jlcpcb-tools.store 210: Part C65 does not exist in the database and will be created from the board.
22:45:00 com_github_bouni_kicad-jlcpcb-tools.store 210: Part C55 does not exist in the database and will be created from the board.
22:45:00 com_github_bouni_kicad-jlcpcb-tools.store 210: Part HALL75 does not exist in the database and will be created from the board.
22:45:00 com_github_bouni_kicad-jlcpcb-tools.store 210: Part HALL6 does not exist in the database and will be created from the board.
22:45:00 com_github_bouni_kicad-jlcpcb-tools.store 210: Part C247 does not exist in the database and will be created from the board.
22:45:00 com_github_bouni_kicad-jlcpcb-tools.store 210: Part LED5 does not exist in the database and will be created from the board.
22:45:00 com_github_bouni_kicad-jlcpcb-tools.store 210: Part C181 does not exist in the database and will be created from the board.
22:45:00 com_github_bouni_kicad-jlcpcb-tools.store 210: Part C94 does not exist in the database and will be created from the board.
22:45:00 com_github_bouni_kicad-jlcpcb-tools.store 210: Part R24 does not exist in the database and will be created from the board.
22:45:00 com_github_bouni_kicad-jlcpcb-tools.store 210: Part R37 does not exist in the database and will be created from the board.
22:45:00 com_github_bouni_kicad-jlcpcb-tools.store 210: Part R6 does not exist in the database and will be created from the board.
22:45:00 com_github_bouni_kicad-jlcpcb-tools.store 210: Part C37 does not exist in the database and will be created from the board.
22:45:00 com_github_bouni_kicad-jlcpcb-tools.store 210: Part LED39 does not exist in the database and will be created from the board.
22:45:00 com_github_bouni_kicad-jlcpcb-tools.store 210: Part C179 does not exist in the database and will be created from the board.
22:45:00 com_github_bouni_kicad-jlcpcb-tools.store 210: Part R54 does not exist in the database and will be created from the board.
22:45:00 com_github_bouni_kicad-jlcpcb-tools.store 210: Part C50 does not exist in the database and will be created from the board.
22:45:00 com_github_bouni_kicad-jlcpcb-tools.store 210: Part C108 does not exist in the database and will be created from the board.
22:45:00 com_github_bouni_kicad-jlcpcb-tools.store 210: Part C29 does not exist in the database and will be created from the board.
22:45:00 com_github_bouni_kicad-jlcpcb-tools.store 210: Part HALL50 does not exist in the database and will be created from the board.
22:45:00 com_github_bouni_kicad-jlcpcb-tools.store 210: Part C186 does not exist in the database and will be created from the board.
22:45:00 com_github_bouni_kicad-jlcpcb-tools.store 210: Part C7 does not exist in the database and will be created from the board.
22:45:00 com_github_bouni_kicad-jlcpcb-tools.store 210: Part HALL68 does not exist in the database and will be created from the board.
22:45:00 com_github_bouni_kicad-jlcpcb-tools.store 210: Part R10 does not exist in the database and will be created from the board.
22:45:00 com_github_bouni_kicad-jlcpcb-tools.store 210: Part C62 does not exist in the database and will be created from the board.
22:45:00 com_github_bouni_kicad-jlcpcb-tools.store 210: Part HALL26 does not exist in the database and will be created from the board.
22:45:00 com_github_bouni_kicad-jlcpcb-tools.store 210: Part C232 does not exist in the database and will be created from the board.
22:45:00 com_github_bouni_kicad-jlcpcb-tools.store 210: Part R57 does not exist in the database and will be created from the board.
22:45:00 com_github_bouni_kicad-jlcpcb-tools.store 210: Part C197 does not exist in the database and will be created from the board.
22:45:00 com_github_bouni_kicad-jlcpcb-tools.store 210: Part R23 does not exist in the database and will be created from the board.
22:45:01 com_github_bouni_kicad-jlcpcb-tools.store 210: Part LED81 does not exist in the database and will be created from the board.
22:45:01 com_github_bouni_kicad-jlcpcb-tools.store 210: Part R58 does not exist in the database and will be created from the board.
22:45:01 com_github_bouni_kicad-jlcpcb-tools.store 210: Part LED7 does not exist in the database and will be created from the board.
22:45:01 com_github_bouni_kicad-jlcpcb-tools.store 210: Part C15 does not exist in the database and will be created from the board.
22:45:01 com_github_bouni_kicad-jlcpcb-tools.store 210: Part U4 does not exist in the database and will be created from the board.
22:45:01 com_github_bouni_kicad-jlcpcb-tools.store 210: Part R62 does not exist in the database and will be created from the board.
22:45:01 com_github_bouni_kicad-jlcpcb-tools.store 210: Part R11 does not exist in the database and will be created from the board.
22:45:01 com_github_bouni_kicad-jlcpcb-tools.store 210: Part LED11 does not exist in the database and will be created from the board.
22:45:01 com_github_bouni_kicad-jlcpcb-tools.store 210: Part R18 does not exist in the database and will be created from the board.
22:45:01 com_github_bouni_kicad-jlcpcb-tools.store 210: Part C13 does not exist in the database and will be created from the board.
22:45:01 com_github_bouni_kicad-jlcpcb-tools.store 210: Part R21 does not exist in the database and will be created from the board.
22:45:01 com_github_bouni_kicad-jlcpcb-tools.store 210: Part HALL19 does not exist in the database and will be created from the board.
22:45:01 com_github_bouni_kicad-jlcpcb-tools.store 210: Part LED14 does not exist in the database and will be created from the board.
22:45:01 com_github_bouni_kicad-jlcpcb-tools.store 210: Part C238 does not exist in the database and will be created from the board.
22:45:01 com_github_bouni_kicad-jlcpcb-tools.store 210: Part C221 does not exist in the database and will be created from the board.
22:45:01 com_github_bouni_kicad-jlcpcb-tools.store 210: Part C243 does not exist in the database and will be created from the board.
22:45:01 com_github_bouni_kicad-jlcpcb-tools.store 210: Part LED30 does not exist in the database and will be created from the board.
22:45:01 com_github_bouni_kicad-jlcpcb-tools.store 210: Part LED52 does not exist in the database and will be created from the board.
22:45:01 com_github_bouni_kicad-jlcpcb-tools.store 210: Part C60 does not exist in the database and will be created from the board.
22:45:01 com_github_bouni_kicad-jlcpcb-tools.store 210: Part C224 does not exist in the database and will be created from the board.
22:45:01 com_github_bouni_kicad-jlcpcb-tools.store 210: Part R48 does not exist in the database and will be created from the board.
22:45:01 com_github_bouni_kicad-jlcpcb-tools.store 210: Part HALL57 does not exist in the database and will be created from the board.
22:45:01 com_github_bouni_kicad-jlcpcb-tools.store 210: Part R13 does not exist in the database and will be created from the board.
22:45:01 com_github_bouni_kicad-jlcpcb-tools.store 210: Part R30 does not exist in the database and will be created from the board.
22:45:01 com_github_bouni_kicad-jlcpcb-tools.store 210: Part C234 does not exist in the database and will be created from the board.
22:45:01 com_github_bouni_kicad-jlcpcb-tools.store 210: Part C104 does not exist in the database and will be created from the board.
22:45:01 com_github_bouni_kicad-jlcpcb-tools.store 210: Part HALL33 does not exist in the database and will be created from the board.
22:45:01 com_github_bouni_kicad-jlcpcb-tools.store 210: Part LED60 does not exist in the database and will be created from the board.
22:45:01 com_github_bouni_kicad-jlcpcb-tools.store 210: Part C196 does not exist in the database and will be created from the board.
22:45:01 com_github_bouni_kicad-jlcpcb-tools.store 210: Part R5 does not exist in the database and will be created from the board.
22:45:01 com_github_bouni_kicad-jlcpcb-tools.store 210: Part C76 does not exist in the database and will be created from the board.
22:45:01 com_github_bouni_kicad-jlcpcb-tools.store 210: Part LED2 does not exist in the database and will be created from the board.
22:45:01 com_github_bouni_kicad-jlcpcb-tools.store 210: Part HALL45 does not exist in the database and will be created from the board.
22:45:01 com_github_bouni_kicad-jlcpcb-tools.store 210: Part C122 does not exist in the database and will be created from the board.
22:45:01 com_github_bouni_kicad-jlcpcb-tools.store 210: Part C93 does not exist in the database and will be created from the board.
22:45:01 com_github_bouni_kicad-jlcpcb-tools.store 210: Part LED55 does not exist in the database and will be created from the board.
22:45:01 com_github_bouni_kicad-jlcpcb-tools.store 210: Part U3 does not exist in the database and will be created from the board.
22:45:01 com_github_bouni_kicad-jlcpcb-tools.store 210: Part C262 does not exist in the database and will be created from the board.
22:45:01 com_github_bouni_kicad-jlcpcb-tools.store 210: Part C227 does not exist in the database and will be created from the board.
22:45:01 com_github_bouni_kicad-jlcpcb-tools.store 210: Part C9 does not exist in the database and will be created from the board.
22:45:01 com_github_bouni_kicad-jlcpcb-tools.store 210: Part LED53 does not exist in the database and will be created from the board.
22:45:01 com_github_bouni_kicad-jlcpcb-tools.store 210: Part R76 does not exist in the database and will be created from the board.
22:45:01 com_github_bouni_kicad-jlcpcb-tools.store 210: Part R78 does not exist in the database and will be created from the board.
22:45:01 com_github_bouni_kicad-jlcpcb-tools.store 210: Part C156 does not exist in the database and will be created from the board.
22:45:01 com_github_bouni_kicad-jlcpcb-tools.store 210: Part R66 does not exist in the database and will be created from the board.
22:45:01 com_github_bouni_kicad-jlcpcb-tools.store 210: Part C220 does not exist in the database and will be created from the board.
22:45:01 com_github_bouni_kicad-jlcpcb-tools.store 210: Part HALL25 does not exist in the database and will be created from the board.
22:45:01 com_github_bouni_kicad-jlcpcb-tools.store 210: Part C6 does not exist in the database and will be created from the board.
22:45:01 com_github_bouni_kicad-jlcpcb-tools.store 210: Part C113 does not exist in the database and will be created from the board.
22:45:01 com_github_bouni_kicad-jlcpcb-tools.store 210: Part HALL67 does not exist in the database and will be created from the board.
22:45:01 com_github_bouni_kicad-jlcpcb-tools.store 210: Part C41 does not exist in the database and will be created from the board.
22:45:01 com_github_bouni_kicad-jlcpcb-tools.store 210: Part R7 does not exist in the database and will be created from the board.
22:45:01 com_github_bouni_kicad-jlcpcb-tools.store 210: Part HALL69 does not exist in the database and will be created from the board.
22:45:01 com_github_bouni_kicad-jlcpcb-tools.store 210: Part LED63 does not exist in the database and will be created from the board.
22:45:01 com_github_bouni_kicad-jlcpcb-tools.store 210: Part HALL64 does not exist in the database and will be created from the board.
22:45:01 com_github_bouni_kicad-jlcpcb-tools.store 210: Part C16 does not exist in the database and will be created from the board.
22:45:01 com_github_bouni_kicad-jlcpcb-tools.store 210: Part C64 does not exist in the database and will be created from the board.
22:45:01 com_github_bouni_kicad-jlcpcb-tools.store 210: Part LED12 does not exist in the database and will be created from the board.
22:45:01 com_github_bouni_kicad-jlcpcb-tools.store 210: Part R28 does not exist in the database and will be created from the board.
22:45:01 com_github_bouni_kicad-jlcpcb-tools.store 210: Part LED41 does not exist in the database and will be created from the board.
22:45:01 com_github_bouni_kicad-jlcpcb-tools.store 210: Part LED77 does not exist in the database and will be created from the board.
22:45:01 com_github_bouni_kicad-jlcpcb-tools.store 210: Part R74 does not exist in the database and will be created from the board.
22:45:01 com_github_bouni_kicad-jlcpcb-tools.store 210: Part C146 does not exist in the database and will be created from the board.
22:45:01 com_github_bouni_kicad-jlcpcb-tools.store 210: Part HALL80 does not exist in the database and will be created from the board.
22:45:01 com_github_bouni_kicad-jlcpcb-tools.store 210: Part C136 does not exist in the database and will be created from the board.
22:45:01 com_github_bouni_kicad-jlcpcb-tools.store 210: Part R81 does not exist in the database and will be created from the board.
22:45:01 com_github_bouni_kicad-jlcpcb-tools.store 210: Part HALL36 does not exist in the database and will be created from the board.
22:45:01 com_github_bouni_kicad-jlcpcb-tools.store 210: Part C168 does not exist in the database and will be created from the board.
22:45:01 com_github_bouni_kicad-jlcpcb-tools.store 210: Part C158 does not exist in the database and will be created from the board.
22:45:01 com_github_bouni_kicad-jlcpcb-tools.store 210: Part R46 does not exist in the database and will be created from the board.
22:45:01 com_github_bouni_kicad-jlcpcb-tools.store 210: Part C33 does not exist in the database and will be created from the board.
22:45:01 com_github_bouni_kicad-jlcpcb-tools.store 210: Part HALL44 does not exist in the database and will be created from the board.
22:45:01 com_github_bouni_kicad-jlcpcb-tools.store 210: Part LED74 does not exist in the database and will be created from the board.
22:45:01 com_github_bouni_kicad-jlcpcb-tools.store 210: Part LED32 does not exist in the database and will be created from the board.
22:45:01 com_github_bouni_kicad-jlcpcb-tools.store 210: Part HALL21 does not exist in the database and will be created from the board.
22:45:01 com_github_bouni_kicad-jlcpcb-tools.store 210: Part HALL2 does not exist in the database and will be created from the board.
22:45:01 com_github_bouni_kicad-jlcpcb-tools.store 210: Part HALL22 does not exist in the database and will be created from the board.
22:45:01 com_github_bouni_kicad-jlcpcb-tools.store 210: Part HALL32 does not exist in the database and will be created from the board.
22:45:01 com_github_bouni_kicad-jlcpcb-tools.store 210: Part C149 does not exist in the database and will be created from the board.
22:45:01 com_github_bouni_kicad-jlcpcb-tools.store 210: Part C32 does not exist in the database and will be created from the board.
22:45:01 com_github_bouni_kicad-jlcpcb-tools.store 210: Part C192 does not exist in the database and will be created from the board.
22:45:01 com_github_bouni_kicad-jlcpcb-tools.store 210: Part C52 does not exist in the database and will be created from the board.
22:45:01 com_github_bouni_kicad-jlcpcb-tools.store 210: Part R3 does not exist in the database and will be created from the board.
22:45:01 com_github_bouni_kicad-jlcpcb-tools.store 210: Part C199 does not exist in the database and will be created from the board.
22:45:01 com_github_bouni_kicad-jlcpcb-tools.store 210: Part HALL62 does not exist in the database and will be created from the board.
22:45:01 com_github_bouni_kicad-jlcpcb-tools.store 210: Part C42 does not exist in the database and will be created from the board.
22:45:01 com_github_bouni_kicad-jlcpcb-tools.store 210: Part LED49 does not exist in the database and will be created from the board.
22:45:01 com_github_bouni_kicad-jlcpcb-tools.store 210: Part C111 does not exist in the database and will be created from the board.
22:45:01 com_github_bouni_kicad-jlcpcb-tools.store 210: Part LED25 does not exist in the database and will be created from the board.
22:45:01 com_github_bouni_kicad-jlcpcb-tools.store 210: Part HALL3 does not exist in the database and will be created from the board.
22:45:01 com_github_bouni_kicad-jlcpcb-tools.store 210: Part HALL9 does not exist in the database and will be created from the board.
22:45:01 com_github_bouni_kicad-jlcpcb-tools.store 210: Part LED31 does not exist in the database and will be created from the board.
22:45:01 com_github_bouni_kicad-jlcpcb-tools.store 210: Part R51 does not exist in the database and will be created from the board.
22:45:01 com_github_bouni_kicad-jlcpcb-tools.store 210: Part C148 does not exist in the database and will be created from the board.
22:45:01 com_github_bouni_kicad-jlcpcb-tools.store 210: Part HALL13 does not exist in the database and will be created from the board.
22:45:01 com_github_bouni_kicad-jlcpcb-tools.store 210: Part LED1 does not exist in the database and will be created from the board.
22:45:01 com_github_bouni_kicad-jlcpcb-tools.store 210: Part LED40 does not exist in the database and will be created from the board.
22:45:01 com_github_bouni_kicad-jlcpcb-tools.store 210: Part C141 does not exist in the database and will be created from the board.
22:45:01 com_github_bouni_kicad-jlcpcb-tools.store 210: Part C191 does not exist in the database and will be created from the board.
22:45:01 com_github_bouni_kicad-jlcpcb-tools.store 210: Part C239 does not exist in the database and will be created from the board.
22:45:01 com_github_bouni_kicad-jlcpcb-tools.store 210: Part LED76 does not exist in the database and will be created from the board.
22:45:01 com_github_bouni_kicad-jlcpcb-tools.store 210: Part R29 does not exist in the database and will be created from the board.
22:45:01 com_github_bouni_kicad-jlcpcb-tools.store 210: Part C237 does not exist in the database and will be created from the board.
22:45:01 com_github_bouni_kicad-jlcpcb-tools.store 210: Part C107 does not exist in the database and will be created from the board.
22:51:31 com_github_bouni_kicad-jlcpcb-tools.partdetails 124: opening https://datasheet.lcsc.com/lcsc/2304101800_OPSCO-Optoelectronics-SK6812MINI-EA_C5378731.pdf
