08-18 12:49:50 com_github_MitjaNemec_ReplicateLayout.action_replicate_layout 392:Plugin executed on: 'win32'
08-18 12:49:50 com_github_MitjaNemec_ReplicateLayout.action_replicate_layout 393:Plugin executed with python version: '3.9.16 (main, May 18 2023, 07:48:16) [MSC v.1936 64 bit (AMD64)]'
08-18 12:49:50 com_github_MitjaNemec_ReplicateLayout.action_replicate_layout 394:KiCad build version: 7.0.6
08-18 12:49:50 com_github_MitjaNemec_ReplicateLayout.action_replicate_layout 395:Plugin version: 2.1.3
08-18 12:49:50 com_github_MitjaNemec_ReplicateLayout.action_replicate_layout 396:Frame repr: <wx._core.Frame object at 0x000002B8E523D5E0>
08-18 12:49:50 com_github_MitjaNemec_ReplicateLayout.action_replicate_layout 420:Preparing replicator with HALL7 as a reference
08-18 12:49:50 com_github_MitjaNemec_ReplicateLayout.replicate_layout 117:getting a list of all footprints on board
08-18 12:49:50 com_github_MitjaNemec_ReplicateLayout.action_replicate_layout 468:source anchor footprint is 'HALL7'
Located on: ['multiplexers', 'keys', 'sensor6']
With filenames: ['multiplexers.kicad_sch', 'keys.kicad_sch', 'sensor.kicad_sch']
With sheet_id:['multiplexers', 'keys', 'sensor6']
08-18 12:49:50 com_github_MitjaNemec_ReplicateLayout.action_replicate_layout 475:Corresponding footprints are 
[('HALL81', ['multiplexers', 'keys', 'sensor80']), ('HALL80', ['multiplexers', 'keys', 'sensor79']), ('HALL79', ['multiplexers', 'keys', 'sensor78']), ('HALL78', ['multiplexers', 'keys', 'sensor77']), ('HALL77', ['multiplexers', 'keys', 'sensor76']), ('HALL76', ['multiplexers', 'keys', 'sensor75']), ('HALL75', ['multiplexers', 'keys', 'sensor74']), ('HALL74', ['multiplexers', 'keys', 'sensor73']), ('HALL73', ['multiplexers', 'keys', 'sensor72']), ('HALL72', ['multiplexers', 'keys', 'sensor71']), ('HALL71', ['multiplexers', 'keys', 'sensor70']), ('HALL70', ['multiplexers', 'keys', 'sensor69']), ('HALL69', ['multiplexers', 'keys', 'sensor68']), ('HALL68', ['multiplexers', 'keys', 'sensor67']), ('HALL67', ['multiplexers', 'keys', 'sensor66']), ('HALL66', ['multiplexers', 'keys', 'sensor65']), ('HALL65', ['multiplexers', 'keys', 'sensor64']), ('HALL64', ['multiplexers', 'keys', 'sensor63']), ('HALL63', ['multiplexers', 'keys', 'sensor62']), ('HALL62', ['multiplexers', 'keys', 'sensor61']), ('HALL61', ['multiplexers', 'keys', 'sensor60']), ('HALL60', ['multiplexers', 'keys', 'sensor59']), ('HALL59', ['multiplexers', 'keys', 'sensor58']), ('HALL58', ['multiplexers', 'keys', 'sensor57']), ('HALL57', ['multiplexers', 'keys', 'sensor56']), ('HALL56', ['multiplexers', 'keys', 'sensor55']), ('HALL55', ['multiplexers', 'keys', 'sensor54']), ('HALL54', ['multiplexers', 'keys', 'sensor53']), ('HALL53', ['multiplexers', 'keys', 'sensor52']), ('HALL52', ['multiplexers', 'keys', 'sensor51']), ('HALL51', ['multiplexers', 'keys', 'sensor50']), ('HALL50', ['multiplexers', 'keys', 'sensor49']), ('HALL49', ['multiplexers', 'keys', 'sensor48']), ('HALL48', ['multiplexers', 'keys', 'sensor47']), ('HALL47', ['multiplexers', 'keys', 'sensor46']), ('HALL46', ['multiplexers', 'keys', 'sensor45']), ('HALL45', ['multiplexers', 'keys', 'sensor44']), ('HALL44', ['multiplexers', 'keys', 'sensor43']), ('HALL43', ['multiplexers', 'keys', 'sensor42']), ('HALL42', ['multiplexers', 'keys', 'sensor41']), ('HALL41', ['multiplexers', 'keys', 'sensor40']), ('HALL40', ['multiplexers', 'keys', 'sensor39']), ('HALL39', ['multiplexers', 'keys', 'sensor38']), ('HALL38', ['multiplexers', 'keys', 'sensor37']), ('HALL37', ['multiplexers', 'keys', 'sensor36']), ('HALL36', ['multiplexers', 'keys', 'sensor35']), ('HALL35', ['multiplexers', 'keys', 'sensor34']), ('HALL34', ['multiplexers', 'keys', 'sensor33']), ('HALL33', ['multiplexers', 'keys', 'sensor32']), ('HALL32', ['multiplexers', 'keys', 'sensor31']), ('HALL31', ['multiplexers', 'keys', 'sensor30']), ('HALL30', ['multiplexers', 'keys', 'sensor29']), ('HALL29', ['multiplexers', 'keys', 'sensor28']), ('HALL28', ['multiplexers', 'keys', 'sensor27']), ('HALL27', ['multiplexers', 'keys', 'sensor26']), ('HALL26', ['multiplexers', 'keys', 'sensor25']), ('HALL25', ['multiplexers', 'keys', 'sensor24']), ('HALL24', ['multiplexers', 'keys', 'sensor23']), ('HALL23', ['multiplexers', 'keys', 'sensor22']), ('HALL22', ['multiplexers', 'keys', 'sensor21']), ('HALL21', ['multiplexers', 'keys', 'sensor20']), ('HALL20', ['multiplexers', 'keys', 'sensor19']), ('HALL19', ['multiplexers', 'keys', 'sensor18']), ('HALL18', ['multiplexers', 'keys', 'sensor17']), ('HALL17', ['multiplexers', 'keys', 'sensor16']), ('HALL16', ['multiplexers', 'keys', 'sensor15']), ('HALL15', ['multiplexers', 'keys', 'sensor14']), ('HALL14', ['multiplexers', 'keys', 'sensor13']), ('HALL13', ['multiplexers', 'keys', 'sensor12']), ('HALL12', ['multiplexers', 'keys', 'sensor11']), ('HALL11', ['multiplexers', 'keys', 'sensor10']), ('HALL10', ['multiplexers', 'keys', 'sensor9']), ('HALL9', ['multiplexers', 'keys', 'sensor8']), ('HALL8', ['multiplexers', 'keys', 'sensor7']), ('HALL7', ['multiplexers', 'keys', 'sensor6']), ('HALL6', ['multiplexers', 'keys', 'sensor5']), ('HALL5', ['multiplexers', 'keys', 'sensor4']), ('HALL4', ['multiplexers', 'keys', 'sensor3']), ('HALL3', ['multiplexers', 'keys', 'sensor2']), ('HALL2', ['multiplexers', 'keys', 'sensor1']), ('HALL1', ['multiplexers', 'keys', 'sensor0'])]
08-18 12:49:50 com_github_MitjaNemec_ReplicateLayout.action_replicate_layout 487:Showing dialog
08-18 12:49:50 com_github_MitjaNemec_ReplicateLayout.replicate_layout 424:constructing a list of sheets suitable for replication on level:'sensor6', file:'sensor.kicad_sch'
08-18 12:49:50 com_github_MitjaNemec_ReplicateLayout.replicate_layout 461:suitable sheets are:[['multiplexers', 'keys', 'sensor0'], ['multiplexers', 'keys', 'sensor1'], ['multiplexers', 'keys', 'sensor10'], ['multiplexers', 'keys', 'sensor11'], ['multiplexers', 'keys', 'sensor12'], ['multiplexers', 'keys', 'sensor13'], ['multiplexers', 'keys', 'sensor14'], ['multiplexers', 'keys', 'sensor15'], ['multiplexers', 'keys', 'sensor16'], ['multiplexers', 'keys', 'sensor17'], ['multiplexers', 'keys', 'sensor18'], ['multiplexers', 'keys', 'sensor19'], ['multiplexers', 'keys', 'sensor2'], ['multiplexers', 'keys', 'sensor20'], ['multiplexers', 'keys', 'sensor21'], ['multiplexers', 'keys', 'sensor22'], ['multiplexers', 'keys', 'sensor23'], ['multiplexers', 'keys', 'sensor24'], ['multiplexers', 'keys', 'sensor25'], ['multiplexers', 'keys', 'sensor26'], ['multiplexers', 'keys', 'sensor27'], ['multiplexers', 'keys', 'sensor28'], ['multiplexers', 'keys', 'sensor29'], ['multiplexers', 'keys', 'sensor3'], ['multiplexers', 'keys', 'sensor30'], ['multiplexers', 'keys', 'sensor31'], ['multiplexers', 'keys', 'sensor32'], ['multiplexers', 'keys', 'sensor33'], ['multiplexers', 'keys', 'sensor34'], ['multiplexers', 'keys', 'sensor35'], ['multiplexers', 'keys', 'sensor36'], ['multiplexers', 'keys', 'sensor37'], ['multiplexers', 'keys', 'sensor38'], ['multiplexers', 'keys', 'sensor39'], ['multiplexers', 'keys', 'sensor4'], ['multiplexers', 'keys', 'sensor40'], ['multiplexers', 'keys', 'sensor41'], ['multiplexers', 'keys', 'sensor42'], ['multiplexers', 'keys', 'sensor43'], ['multiplexers', 'keys', 'sensor44'], ['multiplexers', 'keys', 'sensor45'], ['multiplexers', 'keys', 'sensor46'], ['multiplexers', 'keys', 'sensor47'], ['multiplexers', 'keys', 'sensor48'], ['multiplexers', 'keys', 'sensor49'], ['multiplexers', 'keys', 'sensor5'], ['multiplexers', 'keys', 'sensor50'], ['multiplexers', 'keys', 'sensor51'], ['multiplexers', 'keys', 'sensor52'], ['multiplexers', 'keys', 'sensor53'], ['multiplexers', 'keys', 'sensor54'], ['multiplexers', 'keys', 'sensor55'], ['multiplexers', 'keys', 'sensor56'], ['multiplexers', 'keys', 'sensor57'], ['multiplexers', 'keys', 'sensor58'], ['multiplexers', 'keys', 'sensor59'], ['multiplexers', 'keys', 'sensor60'], ['multiplexers', 'keys', 'sensor61'], ['multiplexers', 'keys', 'sensor62'], ['multiplexers', 'keys', 'sensor63'], ['multiplexers', 'keys', 'sensor64'], ['multiplexers', 'keys', 'sensor65'], ['multiplexers', 'keys', 'sensor66'], ['multiplexers', 'keys', 'sensor67'], ['multiplexers', 'keys', 'sensor68'], ['multiplexers', 'keys', 'sensor69'], ['multiplexers', 'keys', 'sensor7'], ['multiplexers', 'keys', 'sensor70'], ['multiplexers', 'keys', 'sensor71'], ['multiplexers', 'keys', 'sensor72'], ['multiplexers', 'keys', 'sensor73'], ['multiplexers', 'keys', 'sensor74'], ['multiplexers', 'keys', 'sensor75'], ['multiplexers', 'keys', 'sensor76'], ['multiplexers', 'keys', 'sensor77'], ['multiplexers', 'keys', 'sensor78'], ['multiplexers', 'keys', 'sensor79'], ['multiplexers', 'keys', 'sensor8'], ['multiplexers', 'keys', 'sensor80'], ['multiplexers', 'keys', 'sensor9']]
08-18 12:49:50 com_github_MitjaNemec_ReplicateLayout.replicate_layout 1464:Level selected: ['multiplexers', 'keys', 'sensor6']
08-18 12:49:50 com_github_MitjaNemec_ReplicateLayout.replicate_layout 1299:Filtering list of tracks
08-18 12:49:50 com_github_MitjaNemec_ReplicateLayout.action_replicate_layout 493:Toolbar position: wx.Point(2523, 80)
08-18 12:49:50 com_github_MitjaNemec_ReplicateLayout.action_replicate_layout 498:Dialog position: wx.Point(2084, 80)
08-18 12:49:52 com_github_MitjaNemec_ReplicateLayout.replicate_layout 424:constructing a list of sheets suitable for replication on level:'sensor6', file:'sensor.kicad_sch'
08-18 12:49:52 com_github_MitjaNemec_ReplicateLayout.replicate_layout 461:suitable sheets are:[['multiplexers', 'keys', 'sensor0'], ['multiplexers', 'keys', 'sensor1'], ['multiplexers', 'keys', 'sensor10'], ['multiplexers', 'keys', 'sensor11'], ['multiplexers', 'keys', 'sensor12'], ['multiplexers', 'keys', 'sensor13'], ['multiplexers', 'keys', 'sensor14'], ['multiplexers', 'keys', 'sensor15'], ['multiplexers', 'keys', 'sensor16'], ['multiplexers', 'keys', 'sensor17'], ['multiplexers', 'keys', 'sensor18'], ['multiplexers', 'keys', 'sensor19'], ['multiplexers', 'keys', 'sensor2'], ['multiplexers', 'keys', 'sensor20'], ['multiplexers', 'keys', 'sensor21'], ['multiplexers', 'keys', 'sensor22'], ['multiplexers', 'keys', 'sensor23'], ['multiplexers', 'keys', 'sensor24'], ['multiplexers', 'keys', 'sensor25'], ['multiplexers', 'keys', 'sensor26'], ['multiplexers', 'keys', 'sensor27'], ['multiplexers', 'keys', 'sensor28'], ['multiplexers', 'keys', 'sensor29'], ['multiplexers', 'keys', 'sensor3'], ['multiplexers', 'keys', 'sensor30'], ['multiplexers', 'keys', 'sensor31'], ['multiplexers', 'keys', 'sensor32'], ['multiplexers', 'keys', 'sensor33'], ['multiplexers', 'keys', 'sensor34'], ['multiplexers', 'keys', 'sensor35'], ['multiplexers', 'keys', 'sensor36'], ['multiplexers', 'keys', 'sensor37'], ['multiplexers', 'keys', 'sensor38'], ['multiplexers', 'keys', 'sensor39'], ['multiplexers', 'keys', 'sensor4'], ['multiplexers', 'keys', 'sensor40'], ['multiplexers', 'keys', 'sensor41'], ['multiplexers', 'keys', 'sensor42'], ['multiplexers', 'keys', 'sensor43'], ['multiplexers', 'keys', 'sensor44'], ['multiplexers', 'keys', 'sensor45'], ['multiplexers', 'keys', 'sensor46'], ['multiplexers', 'keys', 'sensor47'], ['multiplexers', 'keys', 'sensor48'], ['multiplexers', 'keys', 'sensor49'], ['multiplexers', 'keys', 'sensor5'], ['multiplexers', 'keys', 'sensor50'], ['multiplexers', 'keys', 'sensor51'], ['multiplexers', 'keys', 'sensor52'], ['multiplexers', 'keys', 'sensor53'], ['multiplexers', 'keys', 'sensor54'], ['multiplexers', 'keys', 'sensor55'], ['multiplexers', 'keys', 'sensor56'], ['multiplexers', 'keys', 'sensor57'], ['multiplexers', 'keys', 'sensor58'], ['multiplexers', 'keys', 'sensor59'], ['multiplexers', 'keys', 'sensor60'], ['multiplexers', 'keys', 'sensor61'], ['multiplexers', 'keys', 'sensor62'], ['multiplexers', 'keys', 'sensor63'], ['multiplexers', 'keys', 'sensor64'], ['multiplexers', 'keys', 'sensor65'], ['multiplexers', 'keys', 'sensor66'], ['multiplexers', 'keys', 'sensor67'], ['multiplexers', 'keys', 'sensor68'], ['multiplexers', 'keys', 'sensor69'], ['multiplexers', 'keys', 'sensor7'], ['multiplexers', 'keys', 'sensor70'], ['multiplexers', 'keys', 'sensor71'], ['multiplexers', 'keys', 'sensor72'], ['multiplexers', 'keys', 'sensor73'], ['multiplexers', 'keys', 'sensor74'], ['multiplexers', 'keys', 'sensor75'], ['multiplexers', 'keys', 'sensor76'], ['multiplexers', 'keys', 'sensor77'], ['multiplexers', 'keys', 'sensor78'], ['multiplexers', 'keys', 'sensor79'], ['multiplexers', 'keys', 'sensor8'], ['multiplexers', 'keys', 'sensor80'], ['multiplexers', 'keys', 'sensor9']]
08-18 12:49:52 com_github_MitjaNemec_ReplicateLayout.replicate_layout 1464:Level selected: ['multiplexers', 'keys', 'sensor6']
08-18 12:49:52 com_github_MitjaNemec_ReplicateLayout.replicate_layout 1299:Filtering list of tracks
08-18 12:49:52 com_github_MitjaNemec_ReplicateLayout.replicate_layout 424:constructing a list of sheets suitable for replication on level:'sensor6', file:'sensor.kicad_sch'
08-18 12:49:52 com_github_MitjaNemec_ReplicateLayout.replicate_layout 461:suitable sheets are:[['multiplexers', 'keys', 'sensor0'], ['multiplexers', 'keys', 'sensor1'], ['multiplexers', 'keys', 'sensor10'], ['multiplexers', 'keys', 'sensor11'], ['multiplexers', 'keys', 'sensor12'], ['multiplexers', 'keys', 'sensor13'], ['multiplexers', 'keys', 'sensor14'], ['multiplexers', 'keys', 'sensor15'], ['multiplexers', 'keys', 'sensor16'], ['multiplexers', 'keys', 'sensor17'], ['multiplexers', 'keys', 'sensor18'], ['multiplexers', 'keys', 'sensor19'], ['multiplexers', 'keys', 'sensor2'], ['multiplexers', 'keys', 'sensor20'], ['multiplexers', 'keys', 'sensor21'], ['multiplexers', 'keys', 'sensor22'], ['multiplexers', 'keys', 'sensor23'], ['multiplexers', 'keys', 'sensor24'], ['multiplexers', 'keys', 'sensor25'], ['multiplexers', 'keys', 'sensor26'], ['multiplexers', 'keys', 'sensor27'], ['multiplexers', 'keys', 'sensor28'], ['multiplexers', 'keys', 'sensor29'], ['multiplexers', 'keys', 'sensor3'], ['multiplexers', 'keys', 'sensor30'], ['multiplexers', 'keys', 'sensor31'], ['multiplexers', 'keys', 'sensor32'], ['multiplexers', 'keys', 'sensor33'], ['multiplexers', 'keys', 'sensor34'], ['multiplexers', 'keys', 'sensor35'], ['multiplexers', 'keys', 'sensor36'], ['multiplexers', 'keys', 'sensor37'], ['multiplexers', 'keys', 'sensor38'], ['multiplexers', 'keys', 'sensor39'], ['multiplexers', 'keys', 'sensor4'], ['multiplexers', 'keys', 'sensor40'], ['multiplexers', 'keys', 'sensor41'], ['multiplexers', 'keys', 'sensor42'], ['multiplexers', 'keys', 'sensor43'], ['multiplexers', 'keys', 'sensor44'], ['multiplexers', 'keys', 'sensor45'], ['multiplexers', 'keys', 'sensor46'], ['multiplexers', 'keys', 'sensor47'], ['multiplexers', 'keys', 'sensor48'], ['multiplexers', 'keys', 'sensor49'], ['multiplexers', 'keys', 'sensor5'], ['multiplexers', 'keys', 'sensor50'], ['multiplexers', 'keys', 'sensor51'], ['multiplexers', 'keys', 'sensor52'], ['multiplexers', 'keys', 'sensor53'], ['multiplexers', 'keys', 'sensor54'], ['multiplexers', 'keys', 'sensor55'], ['multiplexers', 'keys', 'sensor56'], ['multiplexers', 'keys', 'sensor57'], ['multiplexers', 'keys', 'sensor58'], ['multiplexers', 'keys', 'sensor59'], ['multiplexers', 'keys', 'sensor60'], ['multiplexers', 'keys', 'sensor61'], ['multiplexers', 'keys', 'sensor62'], ['multiplexers', 'keys', 'sensor63'], ['multiplexers', 'keys', 'sensor64'], ['multiplexers', 'keys', 'sensor65'], ['multiplexers', 'keys', 'sensor66'], ['multiplexers', 'keys', 'sensor67'], ['multiplexers', 'keys', 'sensor68'], ['multiplexers', 'keys', 'sensor69'], ['multiplexers', 'keys', 'sensor7'], ['multiplexers', 'keys', 'sensor70'], ['multiplexers', 'keys', 'sensor71'], ['multiplexers', 'keys', 'sensor72'], ['multiplexers', 'keys', 'sensor73'], ['multiplexers', 'keys', 'sensor74'], ['multiplexers', 'keys', 'sensor75'], ['multiplexers', 'keys', 'sensor76'], ['multiplexers', 'keys', 'sensor77'], ['multiplexers', 'keys', 'sensor78'], ['multiplexers', 'keys', 'sensor79'], ['multiplexers', 'keys', 'sensor8'], ['multiplexers', 'keys', 'sensor80'], ['multiplexers', 'keys', 'sensor9']]
08-18 12:49:52 com_github_MitjaNemec_ReplicateLayout.replicate_layout 1464:Level selected: ['multiplexers', 'keys', 'sensor6']
08-18 12:49:53 com_github_MitjaNemec_ReplicateLayout.replicate_layout 424:constructing a list of sheets suitable for replication on level:'sensor6', file:'sensor.kicad_sch'
08-18 12:49:53 com_github_MitjaNemec_ReplicateLayout.replicate_layout 461:suitable sheets are:[['multiplexers', 'keys', 'sensor0'], ['multiplexers', 'keys', 'sensor1'], ['multiplexers', 'keys', 'sensor10'], ['multiplexers', 'keys', 'sensor11'], ['multiplexers', 'keys', 'sensor12'], ['multiplexers', 'keys', 'sensor13'], ['multiplexers', 'keys', 'sensor14'], ['multiplexers', 'keys', 'sensor15'], ['multiplexers', 'keys', 'sensor16'], ['multiplexers', 'keys', 'sensor17'], ['multiplexers', 'keys', 'sensor18'], ['multiplexers', 'keys', 'sensor19'], ['multiplexers', 'keys', 'sensor2'], ['multiplexers', 'keys', 'sensor20'], ['multiplexers', 'keys', 'sensor21'], ['multiplexers', 'keys', 'sensor22'], ['multiplexers', 'keys', 'sensor23'], ['multiplexers', 'keys', 'sensor24'], ['multiplexers', 'keys', 'sensor25'], ['multiplexers', 'keys', 'sensor26'], ['multiplexers', 'keys', 'sensor27'], ['multiplexers', 'keys', 'sensor28'], ['multiplexers', 'keys', 'sensor29'], ['multiplexers', 'keys', 'sensor3'], ['multiplexers', 'keys', 'sensor30'], ['multiplexers', 'keys', 'sensor31'], ['multiplexers', 'keys', 'sensor32'], ['multiplexers', 'keys', 'sensor33'], ['multiplexers', 'keys', 'sensor34'], ['multiplexers', 'keys', 'sensor35'], ['multiplexers', 'keys', 'sensor36'], ['multiplexers', 'keys', 'sensor37'], ['multiplexers', 'keys', 'sensor38'], ['multiplexers', 'keys', 'sensor39'], ['multiplexers', 'keys', 'sensor4'], ['multiplexers', 'keys', 'sensor40'], ['multiplexers', 'keys', 'sensor41'], ['multiplexers', 'keys', 'sensor42'], ['multiplexers', 'keys', 'sensor43'], ['multiplexers', 'keys', 'sensor44'], ['multiplexers', 'keys', 'sensor45'], ['multiplexers', 'keys', 'sensor46'], ['multiplexers', 'keys', 'sensor47'], ['multiplexers', 'keys', 'sensor48'], ['multiplexers', 'keys', 'sensor49'], ['multiplexers', 'keys', 'sensor5'], ['multiplexers', 'keys', 'sensor50'], ['multiplexers', 'keys', 'sensor51'], ['multiplexers', 'keys', 'sensor52'], ['multiplexers', 'keys', 'sensor53'], ['multiplexers', 'keys', 'sensor54'], ['multiplexers', 'keys', 'sensor55'], ['multiplexers', 'keys', 'sensor56'], ['multiplexers', 'keys', 'sensor57'], ['multiplexers', 'keys', 'sensor58'], ['multiplexers', 'keys', 'sensor59'], ['multiplexers', 'keys', 'sensor60'], ['multiplexers', 'keys', 'sensor61'], ['multiplexers', 'keys', 'sensor62'], ['multiplexers', 'keys', 'sensor63'], ['multiplexers', 'keys', 'sensor64'], ['multiplexers', 'keys', 'sensor65'], ['multiplexers', 'keys', 'sensor66'], ['multiplexers', 'keys', 'sensor67'], ['multiplexers', 'keys', 'sensor68'], ['multiplexers', 'keys', 'sensor69'], ['multiplexers', 'keys', 'sensor7'], ['multiplexers', 'keys', 'sensor70'], ['multiplexers', 'keys', 'sensor71'], ['multiplexers', 'keys', 'sensor72'], ['multiplexers', 'keys', 'sensor73'], ['multiplexers', 'keys', 'sensor74'], ['multiplexers', 'keys', 'sensor75'], ['multiplexers', 'keys', 'sensor76'], ['multiplexers', 'keys', 'sensor77'], ['multiplexers', 'keys', 'sensor78'], ['multiplexers', 'keys', 'sensor79'], ['multiplexers', 'keys', 'sensor8'], ['multiplexers', 'keys', 'sensor80'], ['multiplexers', 'keys', 'sensor9']]
08-18 12:49:53 com_github_MitjaNemec_ReplicateLayout.replicate_layout 1464:Level selected: ['multiplexers', 'keys', 'sensor6']
08-18 12:49:54 com_github_MitjaNemec_ReplicateLayout.replicate_layout 424:constructing a list of sheets suitable for replication on level:'sensor6', file:'sensor.kicad_sch'
08-18 12:49:54 com_github_MitjaNemec_ReplicateLayout.replicate_layout 461:suitable sheets are:[['multiplexers', 'keys', 'sensor0'], ['multiplexers', 'keys', 'sensor1'], ['multiplexers', 'keys', 'sensor10'], ['multiplexers', 'keys', 'sensor11'], ['multiplexers', 'keys', 'sensor12'], ['multiplexers', 'keys', 'sensor13'], ['multiplexers', 'keys', 'sensor14'], ['multiplexers', 'keys', 'sensor15'], ['multiplexers', 'keys', 'sensor16'], ['multiplexers', 'keys', 'sensor17'], ['multiplexers', 'keys', 'sensor18'], ['multiplexers', 'keys', 'sensor19'], ['multiplexers', 'keys', 'sensor2'], ['multiplexers', 'keys', 'sensor20'], ['multiplexers', 'keys', 'sensor21'], ['multiplexers', 'keys', 'sensor22'], ['multiplexers', 'keys', 'sensor23'], ['multiplexers', 'keys', 'sensor24'], ['multiplexers', 'keys', 'sensor25'], ['multiplexers', 'keys', 'sensor26'], ['multiplexers', 'keys', 'sensor27'], ['multiplexers', 'keys', 'sensor28'], ['multiplexers', 'keys', 'sensor29'], ['multiplexers', 'keys', 'sensor3'], ['multiplexers', 'keys', 'sensor30'], ['multiplexers', 'keys', 'sensor31'], ['multiplexers', 'keys', 'sensor32'], ['multiplexers', 'keys', 'sensor33'], ['multiplexers', 'keys', 'sensor34'], ['multiplexers', 'keys', 'sensor35'], ['multiplexers', 'keys', 'sensor36'], ['multiplexers', 'keys', 'sensor37'], ['multiplexers', 'keys', 'sensor38'], ['multiplexers', 'keys', 'sensor39'], ['multiplexers', 'keys', 'sensor4'], ['multiplexers', 'keys', 'sensor40'], ['multiplexers', 'keys', 'sensor41'], ['multiplexers', 'keys', 'sensor42'], ['multiplexers', 'keys', 'sensor43'], ['multiplexers', 'keys', 'sensor44'], ['multiplexers', 'keys', 'sensor45'], ['multiplexers', 'keys', 'sensor46'], ['multiplexers', 'keys', 'sensor47'], ['multiplexers', 'keys', 'sensor48'], ['multiplexers', 'keys', 'sensor49'], ['multiplexers', 'keys', 'sensor5'], ['multiplexers', 'keys', 'sensor50'], ['multiplexers', 'keys', 'sensor51'], ['multiplexers', 'keys', 'sensor52'], ['multiplexers', 'keys', 'sensor53'], ['multiplexers', 'keys', 'sensor54'], ['multiplexers', 'keys', 'sensor55'], ['multiplexers', 'keys', 'sensor56'], ['multiplexers', 'keys', 'sensor57'], ['multiplexers', 'keys', 'sensor58'], ['multiplexers', 'keys', 'sensor59'], ['multiplexers', 'keys', 'sensor60'], ['multiplexers', 'keys', 'sensor61'], ['multiplexers', 'keys', 'sensor62'], ['multiplexers', 'keys', 'sensor63'], ['multiplexers', 'keys', 'sensor64'], ['multiplexers', 'keys', 'sensor65'], ['multiplexers', 'keys', 'sensor66'], ['multiplexers', 'keys', 'sensor67'], ['multiplexers', 'keys', 'sensor68'], ['multiplexers', 'keys', 'sensor69'], ['multiplexers', 'keys', 'sensor7'], ['multiplexers', 'keys', 'sensor70'], ['multiplexers', 'keys', 'sensor71'], ['multiplexers', 'keys', 'sensor72'], ['multiplexers', 'keys', 'sensor73'], ['multiplexers', 'keys', 'sensor74'], ['multiplexers', 'keys', 'sensor75'], ['multiplexers', 'keys', 'sensor76'], ['multiplexers', 'keys', 'sensor77'], ['multiplexers', 'keys', 'sensor78'], ['multiplexers', 'keys', 'sensor79'], ['multiplexers', 'keys', 'sensor8'], ['multiplexers', 'keys', 'sensor80'], ['multiplexers', 'keys', 'sensor9']]
08-18 12:49:54 com_github_MitjaNemec_ReplicateLayout.action_replicate_layout 240:Replicating layout
08-18 12:49:54 com_github_MitjaNemec_ReplicateLayout.replicate_layout 240:Starting replication of sheets: [['multiplexers', 'keys', 'sensor0'], ['multiplexers', 'keys', 'sensor1'], ['multiplexers', 'keys', 'sensor10'], ['multiplexers', 'keys', 'sensor11'], ['multiplexers', 'keys', 'sensor12'], ['multiplexers', 'keys', 'sensor13'], ['multiplexers', 'keys', 'sensor14'], ['multiplexers', 'keys', 'sensor15'], ['multiplexers', 'keys', 'sensor16'], ['multiplexers', 'keys', 'sensor17'], ['multiplexers', 'keys', 'sensor18'], ['multiplexers', 'keys', 'sensor19'], ['multiplexers', 'keys', 'sensor2'], ['multiplexers', 'keys', 'sensor20'], ['multiplexers', 'keys', 'sensor21'], ['multiplexers', 'keys', 'sensor22'], ['multiplexers', 'keys', 'sensor23'], ['multiplexers', 'keys', 'sensor24'], ['multiplexers', 'keys', 'sensor25'], ['multiplexers', 'keys', 'sensor26'], ['multiplexers', 'keys', 'sensor27'], ['multiplexers', 'keys', 'sensor28'], ['multiplexers', 'keys', 'sensor29'], ['multiplexers', 'keys', 'sensor3'], ['multiplexers', 'keys', 'sensor30'], ['multiplexers', 'keys', 'sensor31'], ['multiplexers', 'keys', 'sensor32'], ['multiplexers', 'keys', 'sensor33'], ['multiplexers', 'keys', 'sensor34'], ['multiplexers', 'keys', 'sensor35'], ['multiplexers', 'keys', 'sensor36'], ['multiplexers', 'keys', 'sensor37'], ['multiplexers', 'keys', 'sensor38'], ['multiplexers', 'keys', 'sensor39'], ['multiplexers', 'keys', 'sensor4'], ['multiplexers', 'keys', 'sensor40'], ['multiplexers', 'keys', 'sensor41'], ['multiplexers', 'keys', 'sensor42'], ['multiplexers', 'keys', 'sensor43'], ['multiplexers', 'keys', 'sensor44'], ['multiplexers', 'keys', 'sensor45'], ['multiplexers', 'keys', 'sensor46'], ['multiplexers', 'keys', 'sensor47'], ['multiplexers', 'keys', 'sensor48'], ['multiplexers', 'keys', 'sensor49'], ['multiplexers', 'keys', 'sensor5'], ['multiplexers', 'keys', 'sensor50'], ['multiplexers', 'keys', 'sensor51'], ['multiplexers', 'keys', 'sensor52'], ['multiplexers', 'keys', 'sensor53'], ['multiplexers', 'keys', 'sensor54'], ['multiplexers', 'keys', 'sensor55'], ['multiplexers', 'keys', 'sensor56'], ['multiplexers', 'keys', 'sensor57'], ['multiplexers', 'keys', 'sensor58'], ['multiplexers', 'keys', 'sensor59'], ['multiplexers', 'keys', 'sensor60'], ['multiplexers', 'keys', 'sensor61'], ['multiplexers', 'keys', 'sensor62'], ['multiplexers', 'keys', 'sensor63'], ['multiplexers', 'keys', 'sensor64'], ['multiplexers', 'keys', 'sensor65'], ['multiplexers', 'keys', 'sensor66'], ['multiplexers', 'keys', 'sensor67'], ['multiplexers', 'keys', 'sensor68'], ['multiplexers', 'keys', 'sensor69'], ['multiplexers', 'keys', 'sensor7'], ['multiplexers', 'keys', 'sensor70'], ['multiplexers', 'keys', 'sensor71'], ['multiplexers', 'keys', 'sensor72'], ['multiplexers', 'keys', 'sensor73'], ['multiplexers', 'keys', 'sensor74'], ['multiplexers', 'keys', 'sensor75'], ['multiplexers', 'keys', 'sensor76'], ['multiplexers', 'keys', 'sensor77'], ['multiplexers', 'keys', 'sensor78'], ['multiplexers', 'keys', 'sensor79'], ['multiplexers', 'keys', 'sensor8'], ['multiplexers', 'keys', 'sensor80'], ['multiplexers', 'keys', 'sensor9']]
on level: ['multiplexers', 'keys', 'sensor6']
with tracks=False, zone=False, text=True, text=False, intersecting=False, remove=False, locked footprints=False, group_only=False
08-18 12:49:54 root 332:updating GUI message: 'Preparing for replication'
08-18 12:49:54 root 337:updating GUI with: 0
08-18 12:49:54 com_github_MitjaNemec_ReplicateLayout.replicate_layout 310:Getting the list of source footprints
08-18 12:49:54 com_github_MitjaNemec_ReplicateLayout.replicate_layout 320:Getting the list of all the remaining footprints
08-18 12:49:54 com_github_MitjaNemec_ReplicateLayout.replicate_layout 327:Getting source tracks
08-18 12:49:54 com_github_MitjaNemec_ReplicateLayout.replicate_layout 1299:Filtering list of tracks
08-18 12:49:54 com_github_MitjaNemec_ReplicateLayout.replicate_layout 331:Getting source zones
08-18 12:49:54 root 337:updating GUI with: 50
08-18 12:49:54 com_github_MitjaNemec_ReplicateLayout.replicate_layout 335:Getting source text items
08-18 12:49:54 root 337:updating GUI with: 66
08-18 12:49:54 com_github_MitjaNemec_ReplicateLayout.replicate_layout 339:Getting source drawing items
08-18 12:49:54 root 332:updating GUI message: 'Replicating footprints'
08-18 12:49:54 com_github_MitjaNemec_ReplicateLayout.replicate_layout 806:Replicating footprints
08-18 12:49:54 com_github_MitjaNemec_ReplicateLayout.replicate_layout 813:Replicating footprints on sheet ['multiplexers', 'keys', 'sensor0']
08-18 12:49:54 com_github_MitjaNemec_ReplicateLayout.replicate_layout 813:Replicating footprints on sheet ['multiplexers', 'keys', 'sensor1']
08-18 12:49:54 com_github_MitjaNemec_ReplicateLayout.replicate_layout 813:Replicating footprints on sheet ['multiplexers', 'keys', 'sensor10']
08-18 12:49:54 com_github_MitjaNemec_ReplicateLayout.replicate_layout 813:Replicating footprints on sheet ['multiplexers', 'keys', 'sensor11']
08-18 12:49:54 com_github_MitjaNemec_ReplicateLayout.replicate_layout 813:Replicating footprints on sheet ['multiplexers', 'keys', 'sensor12']
08-18 12:49:54 com_github_MitjaNemec_ReplicateLayout.replicate_layout 813:Replicating footprints on sheet ['multiplexers', 'keys', 'sensor13']
08-18 12:49:54 com_github_MitjaNemec_ReplicateLayout.replicate_layout 813:Replicating footprints on sheet ['multiplexers', 'keys', 'sensor14']
08-18 12:49:54 com_github_MitjaNemec_ReplicateLayout.replicate_layout 813:Replicating footprints on sheet ['multiplexers', 'keys', 'sensor15']
08-18 12:49:54 com_github_MitjaNemec_ReplicateLayout.replicate_layout 813:Replicating footprints on sheet ['multiplexers', 'keys', 'sensor16']
08-18 12:49:54 com_github_MitjaNemec_ReplicateLayout.replicate_layout 813:Replicating footprints on sheet ['multiplexers', 'keys', 'sensor17']
08-18 12:49:54 com_github_MitjaNemec_ReplicateLayout.replicate_layout 813:Replicating footprints on sheet ['multiplexers', 'keys', 'sensor18']
08-18 12:49:54 com_github_MitjaNemec_ReplicateLayout.replicate_layout 813:Replicating footprints on sheet ['multiplexers', 'keys', 'sensor19']
08-18 12:49:54 com_github_MitjaNemec_ReplicateLayout.replicate_layout 813:Replicating footprints on sheet ['multiplexers', 'keys', 'sensor2']
08-18 12:49:54 com_github_MitjaNemec_ReplicateLayout.replicate_layout 813:Replicating footprints on sheet ['multiplexers', 'keys', 'sensor20']
08-18 12:49:54 com_github_MitjaNemec_ReplicateLayout.replicate_layout 813:Replicating footprints on sheet ['multiplexers', 'keys', 'sensor21']
08-18 12:49:54 com_github_MitjaNemec_ReplicateLayout.replicate_layout 813:Replicating footprints on sheet ['multiplexers', 'keys', 'sensor22']
08-18 12:49:54 root 337:updating GUI with: 20
08-18 12:49:54 com_github_MitjaNemec_ReplicateLayout.replicate_layout 813:Replicating footprints on sheet ['multiplexers', 'keys', 'sensor23']
08-18 12:49:54 com_github_MitjaNemec_ReplicateLayout.replicate_layout 813:Replicating footprints on sheet ['multiplexers', 'keys', 'sensor24']
08-18 12:49:54 com_github_MitjaNemec_ReplicateLayout.replicate_layout 813:Replicating footprints on sheet ['multiplexers', 'keys', 'sensor25']
08-18 12:49:54 com_github_MitjaNemec_ReplicateLayout.replicate_layout 813:Replicating footprints on sheet ['multiplexers', 'keys', 'sensor26']
08-18 12:49:54 com_github_MitjaNemec_ReplicateLayout.replicate_layout 813:Replicating footprints on sheet ['multiplexers', 'keys', 'sensor27']
08-18 12:49:54 com_github_MitjaNemec_ReplicateLayout.replicate_layout 813:Replicating footprints on sheet ['multiplexers', 'keys', 'sensor28']
08-18 12:49:54 com_github_MitjaNemec_ReplicateLayout.replicate_layout 813:Replicating footprints on sheet ['multiplexers', 'keys', 'sensor29']
08-18 12:49:54 com_github_MitjaNemec_ReplicateLayout.replicate_layout 813:Replicating footprints on sheet ['multiplexers', 'keys', 'sensor3']
08-18 12:49:54 com_github_MitjaNemec_ReplicateLayout.replicate_layout 813:Replicating footprints on sheet ['multiplexers', 'keys', 'sensor30']
08-18 12:49:54 com_github_MitjaNemec_ReplicateLayout.replicate_layout 813:Replicating footprints on sheet ['multiplexers', 'keys', 'sensor31']
08-18 12:49:54 com_github_MitjaNemec_ReplicateLayout.replicate_layout 813:Replicating footprints on sheet ['multiplexers', 'keys', 'sensor32']
08-18 12:49:54 com_github_MitjaNemec_ReplicateLayout.replicate_layout 813:Replicating footprints on sheet ['multiplexers', 'keys', 'sensor33']
08-18 12:49:54 com_github_MitjaNemec_ReplicateLayout.replicate_layout 813:Replicating footprints on sheet ['multiplexers', 'keys', 'sensor34']
08-18 12:49:54 com_github_MitjaNemec_ReplicateLayout.replicate_layout 813:Replicating footprints on sheet ['multiplexers', 'keys', 'sensor35']
08-18 12:49:54 com_github_MitjaNemec_ReplicateLayout.replicate_layout 813:Replicating footprints on sheet ['multiplexers', 'keys', 'sensor36']
08-18 12:49:54 com_github_MitjaNemec_ReplicateLayout.replicate_layout 813:Replicating footprints on sheet ['multiplexers', 'keys', 'sensor37']
08-18 12:49:54 com_github_MitjaNemec_ReplicateLayout.replicate_layout 813:Replicating footprints on sheet ['multiplexers', 'keys', 'sensor38']
08-18 12:49:54 com_github_MitjaNemec_ReplicateLayout.replicate_layout 813:Replicating footprints on sheet ['multiplexers', 'keys', 'sensor39']
08-18 12:49:54 com_github_MitjaNemec_ReplicateLayout.replicate_layout 813:Replicating footprints on sheet ['multiplexers', 'keys', 'sensor4']
08-18 12:49:54 com_github_MitjaNemec_ReplicateLayout.replicate_layout 813:Replicating footprints on sheet ['multiplexers', 'keys', 'sensor40']
08-18 12:49:54 com_github_MitjaNemec_ReplicateLayout.replicate_layout 813:Replicating footprints on sheet ['multiplexers', 'keys', 'sensor41']
08-18 12:49:54 com_github_MitjaNemec_ReplicateLayout.replicate_layout 813:Replicating footprints on sheet ['multiplexers', 'keys', 'sensor42']
08-18 12:49:54 com_github_MitjaNemec_ReplicateLayout.replicate_layout 813:Replicating footprints on sheet ['multiplexers', 'keys', 'sensor43']
08-18 12:49:54 com_github_MitjaNemec_ReplicateLayout.replicate_layout 813:Replicating footprints on sheet ['multiplexers', 'keys', 'sensor44']
08-18 12:49:54 com_github_MitjaNemec_ReplicateLayout.replicate_layout 813:Replicating footprints on sheet ['multiplexers', 'keys', 'sensor45']
08-18 12:49:55 root 337:updating GUI with: 50
08-18 12:49:55 com_github_MitjaNemec_ReplicateLayout.replicate_layout 813:Replicating footprints on sheet ['multiplexers', 'keys', 'sensor46']
08-18 12:49:55 com_github_MitjaNemec_ReplicateLayout.replicate_layout 813:Replicating footprints on sheet ['multiplexers', 'keys', 'sensor47']
08-18 12:49:55 com_github_MitjaNemec_ReplicateLayout.replicate_layout 813:Replicating footprints on sheet ['multiplexers', 'keys', 'sensor48']
08-18 12:49:55 com_github_MitjaNemec_ReplicateLayout.replicate_layout 813:Replicating footprints on sheet ['multiplexers', 'keys', 'sensor49']
08-18 12:49:55 com_github_MitjaNemec_ReplicateLayout.replicate_layout 813:Replicating footprints on sheet ['multiplexers', 'keys', 'sensor5']
08-18 12:49:55 com_github_MitjaNemec_ReplicateLayout.replicate_layout 813:Replicating footprints on sheet ['multiplexers', 'keys', 'sensor50']
08-18 12:49:55 com_github_MitjaNemec_ReplicateLayout.replicate_layout 813:Replicating footprints on sheet ['multiplexers', 'keys', 'sensor51']
08-18 12:49:55 com_github_MitjaNemec_ReplicateLayout.replicate_layout 813:Replicating footprints on sheet ['multiplexers', 'keys', 'sensor52']
08-18 12:49:55 com_github_MitjaNemec_ReplicateLayout.replicate_layout 813:Replicating footprints on sheet ['multiplexers', 'keys', 'sensor53']
08-18 12:49:55 com_github_MitjaNemec_ReplicateLayout.replicate_layout 813:Replicating footprints on sheet ['multiplexers', 'keys', 'sensor54']
08-18 12:49:55 com_github_MitjaNemec_ReplicateLayout.replicate_layout 813:Replicating footprints on sheet ['multiplexers', 'keys', 'sensor55']
08-18 12:49:55 com_github_MitjaNemec_ReplicateLayout.replicate_layout 813:Replicating footprints on sheet ['multiplexers', 'keys', 'sensor56']
08-18 12:49:55 com_github_MitjaNemec_ReplicateLayout.replicate_layout 813:Replicating footprints on sheet ['multiplexers', 'keys', 'sensor57']
08-18 12:49:55 com_github_MitjaNemec_ReplicateLayout.replicate_layout 813:Replicating footprints on sheet ['multiplexers', 'keys', 'sensor58']
08-18 12:49:55 com_github_MitjaNemec_ReplicateLayout.replicate_layout 813:Replicating footprints on sheet ['multiplexers', 'keys', 'sensor59']
08-18 12:49:55 com_github_MitjaNemec_ReplicateLayout.replicate_layout 813:Replicating footprints on sheet ['multiplexers', 'keys', 'sensor60']
08-18 12:49:55 com_github_MitjaNemec_ReplicateLayout.replicate_layout 813:Replicating footprints on sheet ['multiplexers', 'keys', 'sensor61']
08-18 12:49:55 com_github_MitjaNemec_ReplicateLayout.replicate_layout 813:Replicating footprints on sheet ['multiplexers', 'keys', 'sensor62']
08-18 12:49:55 com_github_MitjaNemec_ReplicateLayout.replicate_layout 813:Replicating footprints on sheet ['multiplexers', 'keys', 'sensor63']
08-18 12:49:55 com_github_MitjaNemec_ReplicateLayout.replicate_layout 813:Replicating footprints on sheet ['multiplexers', 'keys', 'sensor64']
08-18 12:49:55 com_github_MitjaNemec_ReplicateLayout.replicate_layout 813:Replicating footprints on sheet ['multiplexers', 'keys', 'sensor65']
08-18 12:49:55 com_github_MitjaNemec_ReplicateLayout.replicate_layout 813:Replicating footprints on sheet ['multiplexers', 'keys', 'sensor66']
08-18 12:49:55 com_github_MitjaNemec_ReplicateLayout.replicate_layout 813:Replicating footprints on sheet ['multiplexers', 'keys', 'sensor67']
08-18 12:49:55 com_github_MitjaNemec_ReplicateLayout.replicate_layout 813:Replicating footprints on sheet ['multiplexers', 'keys', 'sensor68']
08-18 12:49:55 root 337:updating GUI with: 81
08-18 12:49:55 com_github_MitjaNemec_ReplicateLayout.replicate_layout 813:Replicating footprints on sheet ['multiplexers', 'keys', 'sensor69']
08-18 12:49:55 com_github_MitjaNemec_ReplicateLayout.replicate_layout 813:Replicating footprints on sheet ['multiplexers', 'keys', 'sensor7']
08-18 12:49:55 com_github_MitjaNemec_ReplicateLayout.replicate_layout 813:Replicating footprints on sheet ['multiplexers', 'keys', 'sensor70']
08-18 12:49:55 com_github_MitjaNemec_ReplicateLayout.replicate_layout 813:Replicating footprints on sheet ['multiplexers', 'keys', 'sensor71']
08-18 12:49:55 com_github_MitjaNemec_ReplicateLayout.replicate_layout 813:Replicating footprints on sheet ['multiplexers', 'keys', 'sensor72']
08-18 12:49:55 com_github_MitjaNemec_ReplicateLayout.replicate_layout 813:Replicating footprints on sheet ['multiplexers', 'keys', 'sensor73']
08-18 12:49:55 com_github_MitjaNemec_ReplicateLayout.replicate_layout 813:Replicating footprints on sheet ['multiplexers', 'keys', 'sensor74']
08-18 12:49:55 com_github_MitjaNemec_ReplicateLayout.replicate_layout 813:Replicating footprints on sheet ['multiplexers', 'keys', 'sensor75']
08-18 12:49:55 com_github_MitjaNemec_ReplicateLayout.replicate_layout 813:Replicating footprints on sheet ['multiplexers', 'keys', 'sensor76']
08-18 12:49:55 com_github_MitjaNemec_ReplicateLayout.replicate_layout 813:Replicating footprints on sheet ['multiplexers', 'keys', 'sensor77']
08-18 12:49:55 com_github_MitjaNemec_ReplicateLayout.replicate_layout 813:Replicating footprints on sheet ['multiplexers', 'keys', 'sensor78']
08-18 12:49:55 com_github_MitjaNemec_ReplicateLayout.replicate_layout 813:Replicating footprints on sheet ['multiplexers', 'keys', 'sensor79']
08-18 12:49:55 com_github_MitjaNemec_ReplicateLayout.replicate_layout 813:Replicating footprints on sheet ['multiplexers', 'keys', 'sensor8']
08-18 12:49:55 com_github_MitjaNemec_ReplicateLayout.replicate_layout 813:Replicating footprints on sheet ['multiplexers', 'keys', 'sensor80']
08-18 12:49:55 com_github_MitjaNemec_ReplicateLayout.replicate_layout 813:Replicating footprints on sheet ['multiplexers', 'keys', 'sensor9']
08-18 12:49:55 root 332:updating GUI message: 'Replicating text'
08-18 12:49:55 com_github_MitjaNemec_ReplicateLayout.replicate_layout 1136:Replicating text
08-18 12:49:55 com_github_MitjaNemec_ReplicateLayout.replicate_layout 1143:Replicating text on sheet ['multiplexers', 'keys', 'sensor0']
08-18 12:49:55 com_github_MitjaNemec_ReplicateLayout.replicate_layout 1143:Replicating text on sheet ['multiplexers', 'keys', 'sensor1']
08-18 12:49:55 com_github_MitjaNemec_ReplicateLayout.replicate_layout 1143:Replicating text on sheet ['multiplexers', 'keys', 'sensor10']
08-18 12:49:55 com_github_MitjaNemec_ReplicateLayout.replicate_layout 1143:Replicating text on sheet ['multiplexers', 'keys', 'sensor11']
08-18 12:49:55 com_github_MitjaNemec_ReplicateLayout.replicate_layout 1143:Replicating text on sheet ['multiplexers', 'keys', 'sensor12']
08-18 12:49:55 com_github_MitjaNemec_ReplicateLayout.replicate_layout 1143:Replicating text on sheet ['multiplexers', 'keys', 'sensor13']
08-18 12:49:55 com_github_MitjaNemec_ReplicateLayout.replicate_layout 1143:Replicating text on sheet ['multiplexers', 'keys', 'sensor14']
08-18 12:49:55 com_github_MitjaNemec_ReplicateLayout.replicate_layout 1143:Replicating text on sheet ['multiplexers', 'keys', 'sensor15']
08-18 12:49:55 com_github_MitjaNemec_ReplicateLayout.replicate_layout 1143:Replicating text on sheet ['multiplexers', 'keys', 'sensor16']
08-18 12:49:55 com_github_MitjaNemec_ReplicateLayout.replicate_layout 1143:Replicating text on sheet ['multiplexers', 'keys', 'sensor17']
08-18 12:49:55 com_github_MitjaNemec_ReplicateLayout.replicate_layout 1143:Replicating text on sheet ['multiplexers', 'keys', 'sensor18']
08-18 12:49:55 com_github_MitjaNemec_ReplicateLayout.replicate_layout 1143:Replicating text on sheet ['multiplexers', 'keys', 'sensor19']
08-18 12:49:55 com_github_MitjaNemec_ReplicateLayout.replicate_layout 1143:Replicating text on sheet ['multiplexers', 'keys', 'sensor2']
08-18 12:49:55 com_github_MitjaNemec_ReplicateLayout.replicate_layout 1143:Replicating text on sheet ['multiplexers', 'keys', 'sensor20']
08-18 12:49:55 com_github_MitjaNemec_ReplicateLayout.replicate_layout 1143:Replicating text on sheet ['multiplexers', 'keys', 'sensor21']
08-18 12:49:55 com_github_MitjaNemec_ReplicateLayout.replicate_layout 1143:Replicating text on sheet ['multiplexers', 'keys', 'sensor22']
08-18 12:49:55 com_github_MitjaNemec_ReplicateLayout.replicate_layout 1143:Replicating text on sheet ['multiplexers', 'keys', 'sensor23']
08-18 12:49:55 com_github_MitjaNemec_ReplicateLayout.replicate_layout 1143:Replicating text on sheet ['multiplexers', 'keys', 'sensor24']
08-18 12:49:55 com_github_MitjaNemec_ReplicateLayout.replicate_layout 1143:Replicating text on sheet ['multiplexers', 'keys', 'sensor25']
08-18 12:49:55 com_github_MitjaNemec_ReplicateLayout.replicate_layout 1143:Replicating text on sheet ['multiplexers', 'keys', 'sensor26']
08-18 12:49:55 com_github_MitjaNemec_ReplicateLayout.replicate_layout 1143:Replicating text on sheet ['multiplexers', 'keys', 'sensor27']
08-18 12:49:55 com_github_MitjaNemec_ReplicateLayout.replicate_layout 1143:Replicating text on sheet ['multiplexers', 'keys', 'sensor28']
08-18 12:49:55 com_github_MitjaNemec_ReplicateLayout.replicate_layout 1143:Replicating text on sheet ['multiplexers', 'keys', 'sensor29']
08-18 12:49:55 com_github_MitjaNemec_ReplicateLayout.replicate_layout 1143:Replicating text on sheet ['multiplexers', 'keys', 'sensor3']
08-18 12:49:55 com_github_MitjaNemec_ReplicateLayout.replicate_layout 1143:Replicating text on sheet ['multiplexers', 'keys', 'sensor30']
08-18 12:49:55 com_github_MitjaNemec_ReplicateLayout.replicate_layout 1143:Replicating text on sheet ['multiplexers', 'keys', 'sensor31']
08-18 12:49:55 com_github_MitjaNemec_ReplicateLayout.replicate_layout 1143:Replicating text on sheet ['multiplexers', 'keys', 'sensor32']
08-18 12:49:55 com_github_MitjaNemec_ReplicateLayout.replicate_layout 1143:Replicating text on sheet ['multiplexers', 'keys', 'sensor33']
08-18 12:49:55 com_github_MitjaNemec_ReplicateLayout.replicate_layout 1143:Replicating text on sheet ['multiplexers', 'keys', 'sensor34']
08-18 12:49:55 com_github_MitjaNemec_ReplicateLayout.replicate_layout 1143:Replicating text on sheet ['multiplexers', 'keys', 'sensor35']
08-18 12:49:55 com_github_MitjaNemec_ReplicateLayout.replicate_layout 1143:Replicating text on sheet ['multiplexers', 'keys', 'sensor36']
08-18 12:49:55 com_github_MitjaNemec_ReplicateLayout.replicate_layout 1143:Replicating text on sheet ['multiplexers', 'keys', 'sensor37']
08-18 12:49:55 com_github_MitjaNemec_ReplicateLayout.replicate_layout 1143:Replicating text on sheet ['multiplexers', 'keys', 'sensor38']
08-18 12:49:55 com_github_MitjaNemec_ReplicateLayout.replicate_layout 1143:Replicating text on sheet ['multiplexers', 'keys', 'sensor39']
08-18 12:49:55 com_github_MitjaNemec_ReplicateLayout.replicate_layout 1143:Replicating text on sheet ['multiplexers', 'keys', 'sensor4']
08-18 12:49:55 com_github_MitjaNemec_ReplicateLayout.replicate_layout 1143:Replicating text on sheet ['multiplexers', 'keys', 'sensor40']
08-18 12:49:55 com_github_MitjaNemec_ReplicateLayout.replicate_layout 1143:Replicating text on sheet ['multiplexers', 'keys', 'sensor41']
08-18 12:49:55 com_github_MitjaNemec_ReplicateLayout.replicate_layout 1143:Replicating text on sheet ['multiplexers', 'keys', 'sensor42']
08-18 12:49:55 com_github_MitjaNemec_ReplicateLayout.replicate_layout 1143:Replicating text on sheet ['multiplexers', 'keys', 'sensor43']
08-18 12:49:55 com_github_MitjaNemec_ReplicateLayout.replicate_layout 1143:Replicating text on sheet ['multiplexers', 'keys', 'sensor44']
08-18 12:49:55 com_github_MitjaNemec_ReplicateLayout.replicate_layout 1143:Replicating text on sheet ['multiplexers', 'keys', 'sensor45']
08-18 12:49:55 com_github_MitjaNemec_ReplicateLayout.replicate_layout 1143:Replicating text on sheet ['multiplexers', 'keys', 'sensor46']
08-18 12:49:55 com_github_MitjaNemec_ReplicateLayout.replicate_layout 1143:Replicating text on sheet ['multiplexers', 'keys', 'sensor47']
08-18 12:49:55 com_github_MitjaNemec_ReplicateLayout.replicate_layout 1143:Replicating text on sheet ['multiplexers', 'keys', 'sensor48']
08-18 12:49:55 com_github_MitjaNemec_ReplicateLayout.replicate_layout 1143:Replicating text on sheet ['multiplexers', 'keys', 'sensor49']
08-18 12:49:55 com_github_MitjaNemec_ReplicateLayout.replicate_layout 1143:Replicating text on sheet ['multiplexers', 'keys', 'sensor5']
08-18 12:49:55 com_github_MitjaNemec_ReplicateLayout.replicate_layout 1143:Replicating text on sheet ['multiplexers', 'keys', 'sensor50']
08-18 12:49:55 com_github_MitjaNemec_ReplicateLayout.replicate_layout 1143:Replicating text on sheet ['multiplexers', 'keys', 'sensor51']
08-18 12:49:55 com_github_MitjaNemec_ReplicateLayout.replicate_layout 1143:Replicating text on sheet ['multiplexers', 'keys', 'sensor52']
08-18 12:49:55 com_github_MitjaNemec_ReplicateLayout.replicate_layout 1143:Replicating text on sheet ['multiplexers', 'keys', 'sensor53']
08-18 12:49:55 com_github_MitjaNemec_ReplicateLayout.replicate_layout 1143:Replicating text on sheet ['multiplexers', 'keys', 'sensor54']
08-18 12:49:55 com_github_MitjaNemec_ReplicateLayout.replicate_layout 1143:Replicating text on sheet ['multiplexers', 'keys', 'sensor55']
08-18 12:49:55 com_github_MitjaNemec_ReplicateLayout.replicate_layout 1143:Replicating text on sheet ['multiplexers', 'keys', 'sensor56']
08-18 12:49:55 com_github_MitjaNemec_ReplicateLayout.replicate_layout 1143:Replicating text on sheet ['multiplexers', 'keys', 'sensor57']
08-18 12:49:55 com_github_MitjaNemec_ReplicateLayout.replicate_layout 1143:Replicating text on sheet ['multiplexers', 'keys', 'sensor58']
08-18 12:49:55 com_github_MitjaNemec_ReplicateLayout.replicate_layout 1143:Replicating text on sheet ['multiplexers', 'keys', 'sensor59']
08-18 12:49:55 com_github_MitjaNemec_ReplicateLayout.replicate_layout 1143:Replicating text on sheet ['multiplexers', 'keys', 'sensor60']
08-18 12:49:55 com_github_MitjaNemec_ReplicateLayout.replicate_layout 1143:Replicating text on sheet ['multiplexers', 'keys', 'sensor61']
08-18 12:49:55 com_github_MitjaNemec_ReplicateLayout.replicate_layout 1143:Replicating text on sheet ['multiplexers', 'keys', 'sensor62']
08-18 12:49:55 com_github_MitjaNemec_ReplicateLayout.replicate_layout 1143:Replicating text on sheet ['multiplexers', 'keys', 'sensor63']
08-18 12:49:55 com_github_MitjaNemec_ReplicateLayout.replicate_layout 1143:Replicating text on sheet ['multiplexers', 'keys', 'sensor64']
08-18 12:49:55 com_github_MitjaNemec_ReplicateLayout.replicate_layout 1143:Replicating text on sheet ['multiplexers', 'keys', 'sensor65']
08-18 12:49:55 com_github_MitjaNemec_ReplicateLayout.replicate_layout 1143:Replicating text on sheet ['multiplexers', 'keys', 'sensor66']
08-18 12:49:55 com_github_MitjaNemec_ReplicateLayout.replicate_layout 1143:Replicating text on sheet ['multiplexers', 'keys', 'sensor67']
08-18 12:49:55 com_github_MitjaNemec_ReplicateLayout.replicate_layout 1143:Replicating text on sheet ['multiplexers', 'keys', 'sensor68']
08-18 12:49:55 com_github_MitjaNemec_ReplicateLayout.replicate_layout 1143:Replicating text on sheet ['multiplexers', 'keys', 'sensor69']
08-18 12:49:55 com_github_MitjaNemec_ReplicateLayout.replicate_layout 1143:Replicating text on sheet ['multiplexers', 'keys', 'sensor7']
08-18 12:49:55 com_github_MitjaNemec_ReplicateLayout.replicate_layout 1143:Replicating text on sheet ['multiplexers', 'keys', 'sensor70']
08-18 12:49:55 com_github_MitjaNemec_ReplicateLayout.replicate_layout 1143:Replicating text on sheet ['multiplexers', 'keys', 'sensor71']
08-18 12:49:55 com_github_MitjaNemec_ReplicateLayout.replicate_layout 1143:Replicating text on sheet ['multiplexers', 'keys', 'sensor72']
08-18 12:49:55 com_github_MitjaNemec_ReplicateLayout.replicate_layout 1143:Replicating text on sheet ['multiplexers', 'keys', 'sensor73']
08-18 12:49:55 com_github_MitjaNemec_ReplicateLayout.replicate_layout 1143:Replicating text on sheet ['multiplexers', 'keys', 'sensor74']
08-18 12:49:55 com_github_MitjaNemec_ReplicateLayout.replicate_layout 1143:Replicating text on sheet ['multiplexers', 'keys', 'sensor75']
08-18 12:49:55 com_github_MitjaNemec_ReplicateLayout.replicate_layout 1143:Replicating text on sheet ['multiplexers', 'keys', 'sensor76']
08-18 12:49:55 com_github_MitjaNemec_ReplicateLayout.replicate_layout 1143:Replicating text on sheet ['multiplexers', 'keys', 'sensor77']
08-18 12:49:55 com_github_MitjaNemec_ReplicateLayout.replicate_layout 1143:Replicating text on sheet ['multiplexers', 'keys', 'sensor78']
08-18 12:49:55 com_github_MitjaNemec_ReplicateLayout.replicate_layout 1143:Replicating text on sheet ['multiplexers', 'keys', 'sensor79']
08-18 12:49:55 root 337:updating GUI with: 96
08-18 12:49:55 com_github_MitjaNemec_ReplicateLayout.replicate_layout 1143:Replicating text on sheet ['multiplexers', 'keys', 'sensor8']
08-18 12:49:55 com_github_MitjaNemec_ReplicateLayout.replicate_layout 1143:Replicating text on sheet ['multiplexers', 'keys', 'sensor80']
08-18 12:49:55 com_github_MitjaNemec_ReplicateLayout.replicate_layout 1143:Replicating text on sheet ['multiplexers', 'keys', 'sensor9']
08-18 12:49:57 com_github_MitjaNemec_ReplicateLayout.action_replicate_layout 256:Replication complete
